[2022-08-14T20:20:36.765] [WARN] warnLog - holaaa
[2022-08-14T20:26:59.114] [WARN] warnLog - Se ha visitado una ruta incorrecta: /logiasdas
[2022-08-14T20:27:09.958] [WARN] warnLog - Se ha visitado una ruta incorrecta: /logasdas
[2022-08-14T20:37:15.103] [WARN] warnLog - Se ha visitado una ruta incorrecta: /imagenRandom6.jpg
[2022-08-14T20:37:15.106] [WARN] warnLog - Se ha visitado una ruta incorrecta: /imagenRandom2.jpg
[2022-08-14T20:37:15.112] [WARN] warnLog - Se ha visitado una ruta incorrecta: /imagenRandom5.jpg
[2022-08-14T20:37:15.113] [WARN] warnLog - Se ha visitado una ruta incorrecta: /imagenRandom9.jpg
[2022-08-14T20:37:15.119] [WARN] warnLog - Se ha visitado una ruta incorrecta: /imagenRandom1.jpg
[2022-08-14T20:37:15.121] [WARN] warnLog - Se ha visitado una ruta incorrecta: /imagenRandom4.jpg
[2022-08-14T20:37:15.137] [WARN] warnLog - Se ha visitado una ruta incorrecta: /imagenRandom7.jpg
[2022-08-14T20:42:45.235] [WARN] warnLog - Se ha visitado una ruta incorrecta: /imagenRandom1.jpg
[2022-08-14T20:42:45.247] [WARN] warnLog - Se ha visitado una ruta incorrecta: /imagenRandom6.jpg
[2022-08-14T20:42:45.250] [WARN] warnLog - Se ha visitado una ruta incorrecta: /imagenRandom2.jpg
[2022-08-14T20:42:45.257] [WARN] warnLog - Se ha visitado una ruta incorrecta: /imagenRandom4.jpg
[2022-08-14T20:42:45.260] [WARN] warnLog - Se ha visitado una ruta incorrecta: /imagenRandom5.jpg
[2022-08-14T20:42:45.269] [WARN] warnLog - Se ha visitado una ruta incorrecta: /imagenRandom9.jpg
[2022-08-14T20:42:45.281] [WARN] warnLog - Se ha visitado una ruta incorrecta: /imagenRandom7.jpg
[2022-08-14T20:43:01.449] [WARN] warnLog - Se ha visitado una ruta incorrecta: /imagenRandom1.jpg
[2022-08-14T20:43:01.455] [WARN] warnLog - Se ha visitado una ruta incorrecta: /imagenRandom6.jpg
[2022-08-14T20:43:01.456] [WARN] warnLog - Se ha visitado una ruta incorrecta: /imagenRandom2.jpg
[2022-08-14T20:43:01.460] [WARN] warnLog - Se ha visitado una ruta incorrecta: /imagenRandom4.jpg
[2022-08-14T20:43:01.462] [WARN] warnLog - Se ha visitado una ruta incorrecta: /imagenRandom5.jpg
[2022-08-14T20:43:01.463] [WARN] warnLog - Se ha visitado una ruta incorrecta: /imagenRandom9.jpg
[2022-08-14T20:43:01.475] [WARN] warnLog - Se ha visitado una ruta incorrecta: /imagenRandom7.jpg
[2022-08-14T20:43:28.528] [WARN] warnLog - Se ha visitado una ruta incorrecta: /imagenRandom1.jpg
[2022-08-14T20:43:28.529] [WARN] warnLog - Se ha visitado una ruta incorrecta: /imagenRandom6.jpg
[2022-08-14T20:43:28.530] [WARN] warnLog - Se ha visitado una ruta incorrecta: /imagenRandom2.jpg
[2022-08-14T20:43:28.532] [WARN] warnLog - Se ha visitado una ruta incorrecta: /imagenRandom4.jpg
[2022-08-14T20:43:28.537] [WARN] warnLog - Se ha visitado una ruta incorrecta: /imagenRandom9.jpg
[2022-08-14T20:43:28.537] [WARN] warnLog - Se ha visitado una ruta incorrecta: /imagenRandom5.jpg
[2022-08-14T20:43:28.547] [WARN] warnLog - Se ha visitado una ruta incorrecta: /imagenRandom7.jpg
[2022-08-16T19:18:48.686] [WARN] warnLog - Se ha visitado una ruta incorrecta: /favicon.ico
[2022-08-16T19:18:54.534] [WARN] warnLog - Se ha visitado una ruta incorrecta: /randoms
[2022-08-16T19:19:02.150] [WARN] warnLog - Se ha visitado una ruta incorrecta: /randoms
[2022-08-16T19:19:13.659] [WARN] warnLog - Se ha visitado una ruta incorrecta: /favicon.ico
[2022-08-16T19:19:18.201] [WARN] warnLog - Se ha visitado una ruta incorrecta: /favicon.ico
[2022-08-16T19:19:21.918] [WARN] warnLog - Se ha visitado una ruta incorrecta: /favicon.ico
[2022-08-16T19:19:25.790] [WARN] warnLog - Se ha visitado una ruta incorrecta: /favicon.ico
[2022-08-16T19:19:28.957] [WARN] warnLog - Se ha visitado una ruta incorrecta: /favicon.ico
[2022-08-16T19:19:32.534] [WARN] warnLog - Se ha visitado una ruta incorrecta: /favicon.ico
[2022-08-16T19:19:42.955] [WARN] warnLog - Se ha visitado una ruta incorrecta: /favicon.ico
[2022-08-16T19:19:47.613] [WARN] warnLog - Se ha visitado una ruta incorrecta: /favicon.ico
[2022-08-16T19:19:57.302] [WARN] warnLog - Se ha visitado una ruta incorrecta: /favicon.ico
[2022-08-16T19:20:00.852] [WARN] warnLog - Se ha visitado una ruta incorrecta: /favicon.ico
[2022-08-16T19:20:02.481] [WARN] warnLog - Se ha visitado una ruta incorrecta: /favicon.ico
[2022-08-16T19:20:11.659] [WARN] warnLog - Se ha visitado una ruta incorrecta: /favicon.ico
[2022-08-16T19:20:16.242] [WARN] warnLog - Se ha visitado una ruta incorrecta: /favicon.ico
[2022-08-16T19:20:24.407] [WARN] warnLog - Se ha visitado una ruta incorrecta: /favicon.ico
[2022-08-16T19:22:24.988] [WARN] warnLog - Se ha visitado una ruta incorrecta: /favicon.ico
[2022-08-16T19:22:28.678] [WARN] warnLog - Se ha visitado una ruta incorrecta: /favicon.ico
[2022-08-16T19:22:30.391] [WARN] warnLog - Se ha visitado una ruta incorrecta: /favicon.ico
[2022-08-16T19:22:31.161] [WARN] warnLog - Se ha visitado una ruta incorrecta: /favicon.ico
[2022-08-16T19:22:32.533] [WARN] warnLog - Se ha visitado una ruta incorrecta: /favicon.ico
[2022-08-16T19:22:37.593] [WARN] warnLog - Se ha visitado una ruta incorrecta: /favicon.ico
[2022-08-16T19:22:38.130] [WARN] warnLog - Se ha visitado una ruta incorrecta: /favicon.ico
[2022-08-16T19:22:38.643] [WARN] warnLog - Se ha visitado una ruta incorrecta: /favicon.ico
[2022-08-16T19:22:39.080] [WARN] warnLog - Se ha visitado una ruta incorrecta: /favicon.ico
[2022-08-16T19:22:39.535] [WARN] warnLog - Se ha visitado una ruta incorrecta: /favicon.ico
[2022-08-16T19:22:39.952] [WARN] warnLog - Se ha visitado una ruta incorrecta: /favicon.ico
[2022-08-16T19:22:40.390] [WARN] warnLog - Se ha visitado una ruta incorrecta: /favicon.ico
[2022-08-16T19:22:40.817] [WARN] warnLog - Se ha visitado una ruta incorrecta: /favicon.ico
[2022-08-16T19:22:41.529] [WARN] warnLog - Se ha visitado una ruta incorrecta: /favicon.ico
[2022-08-16T19:23:05.373] [WARN] warnLog - Se ha visitado una ruta incorrecta: /favicon.ico
[2022-08-16T19:23:15.052] [WARN] warnLog - Se ha visitado una ruta incorrecta: /favicon.ico
[2022-08-16T19:23:16.659] [WARN] warnLog - Se ha visitado una ruta incorrecta: /favicon.ico
[2022-08-16T19:23:23.596] [WARN] warnLog - Se ha visitado una ruta incorrecta: /favicon.ico
[2022-08-16T19:25:32.143] [WARN] warnLog - Se ha visitado una ruta incorrecta: /favicon.ico
[2022-08-16T19:25:32.922] [WARN] warnLog - Se ha visitado una ruta incorrecta: /favicon.ico
[2022-08-16T19:25:33.372] [WARN] warnLog - Se ha visitado una ruta incorrecta: /favicon.ico
[2022-08-16T19:25:33.707] [WARN] warnLog - Se ha visitado una ruta incorrecta: /favicon.ico
[2022-08-16T19:25:34.067] [WARN] warnLog - Se ha visitado una ruta incorrecta: /favicon.ico
[2022-08-16T19:25:34.423] [WARN] warnLog - Se ha visitado una ruta incorrecta: /favicon.ico
[2022-08-16T19:25:34.783] [WARN] warnLog - Se ha visitado una ruta incorrecta: /favicon.ico
[2022-08-16T19:25:35.088] [WARN] warnLog - Se ha visitado una ruta incorrecta: /favicon.ico
[2022-08-16T19:25:35.432] [WARN] warnLog - Se ha visitado una ruta incorrecta: /favicon.ico
[2022-08-16T19:25:35.787] [WARN] warnLog - Se ha visitado una ruta incorrecta: /favicon.ico
[2022-08-16T19:25:36.038] [WARN] warnLog - Se ha visitado una ruta incorrecta: /favicon.ico
[2022-08-16T19:25:36.339] [WARN] warnLog - Se ha visitado una ruta incorrecta: /favicon.ico
[2022-08-16T19:25:36.983] [WARN] warnLog - Se ha visitado una ruta incorrecta: /favicon.ico
[2022-08-16T19:25:54.939] [WARN] warnLog - Se ha visitado una ruta incorrecta: /favicon.ico
[2022-08-16T19:25:55.978] [WARN] warnLog - Se ha visitado una ruta incorrecta: /favicon.ico
[2022-08-16T19:25:56.503] [WARN] warnLog - Se ha visitado una ruta incorrecta: /favicon.ico
[2022-08-16T19:25:56.943] [WARN] warnLog - Se ha visitado una ruta incorrecta: /favicon.ico
[2022-08-16T19:25:57.382] [WARN] warnLog - Se ha visitado una ruta incorrecta: /favicon.ico
[2022-08-16T19:25:57.844] [WARN] warnLog - Se ha visitado una ruta incorrecta: /favicon.ico
[2022-08-16T19:25:58.244] [WARN] warnLog - Se ha visitado una ruta incorrecta: /favicon.ico
[2022-08-16T19:25:58.672] [WARN] warnLog - Se ha visitado una ruta incorrecta: /favicon.ico
[2022-08-16T19:25:59.076] [WARN] warnLog - Se ha visitado una ruta incorrecta: /favicon.ico
[2022-08-16T19:25:59.264] [WARN] warnLog - Se ha visitado una ruta incorrecta: /favicon.ico
[2022-08-16T19:25:59.412] [WARN] warnLog - Se ha visitado una ruta incorrecta: /favicon.ico
[2022-08-16T19:25:59.769] [WARN] warnLog - Se ha visitado una ruta incorrecta: /favicon.ico
[2022-08-16T19:26:00.144] [WARN] warnLog - Se ha visitado una ruta incorrecta: /favicon.ico
[2022-08-16T19:29:28.078] [WARN] warnLog - Se ha visitado una ruta incorrecta: /favicon.ico
[2022-08-16T19:31:11.696] [WARN] warnLog - Se ha visitado una ruta incorrecta: /favicon.ico
[2022-08-16T19:36:55.022] [WARN] warnLog - Se ha visitado una ruta incorrecta: /favicon.ico
[2022-08-16T19:37:00.876] [WARN] warnLog - Se ha visitado una ruta incorrecta: /favicon.ico
[2022-08-16T19:37:06.397] [WARN] warnLog - Se ha visitado una ruta incorrecta: /favicon.ico
[2022-08-16T19:37:07.327] [WARN] warnLog - Se ha visitado una ruta incorrecta: /favicon.ico
[2022-08-16T19:37:07.738] [WARN] warnLog - Se ha visitado una ruta incorrecta: /favicon.ico
[2022-08-16T19:37:08.115] [WARN] warnLog - Se ha visitado una ruta incorrecta: /favicon.ico
[2022-08-16T19:37:08.468] [WARN] warnLog - Se ha visitado una ruta incorrecta: /favicon.ico
[2022-08-16T19:37:08.789] [WARN] warnLog - Se ha visitado una ruta incorrecta: /favicon.ico
[2022-08-16T19:37:11.141] [WARN] warnLog - Se ha visitado una ruta incorrecta: /favicon.ico
[2022-08-16T19:51:42.453] [WARN] warnLog - Se ha visitado una ruta incorrecta: /favicon.ico
[2022-08-16T19:52:04.020] [WARN] warnLog - Se ha visitado una ruta incorrecta: /favicon.ico
[2022-08-16T19:52:06.808] [WARN] warnLog - Se ha visitado una ruta incorrecta: /favicon.ico
[2022-08-16T19:52:07.543] [WARN] warnLog - Se ha visitado una ruta incorrecta: /favicon.ico
[2022-08-16T19:52:08.020] [WARN] warnLog - Se ha visitado una ruta incorrecta: /favicon.ico
[2022-08-16T19:52:08.472] [WARN] warnLog - Se ha visitado una ruta incorrecta: /favicon.ico
[2022-08-16T19:52:08.866] [WARN] warnLog - Se ha visitado una ruta incorrecta: /favicon.ico
[2022-08-16T19:52:09.233] [WARN] warnLog - Se ha visitado una ruta incorrecta: /favicon.ico
[2022-08-16T19:52:09.643] [WARN] warnLog - Se ha visitado una ruta incorrecta: /favicon.ico
[2022-08-16T19:52:09.980] [WARN] warnLog - Se ha visitado una ruta incorrecta: /favicon.ico
[2022-08-16T19:52:10.346] [WARN] warnLog - Se ha visitado una ruta incorrecta: /favicon.ico
[2022-08-16T19:52:10.665] [WARN] warnLog - Se ha visitado una ruta incorrecta: /favicon.ico
[2022-08-16T19:52:11.385] [WARN] warnLog - Se ha visitado una ruta incorrecta: /favicon.ico
[2022-08-16T19:52:43.088] [WARN] warnLog - Se ha visitado una ruta incorrecta: /favicon.ico
[2022-08-16T19:52:53.675] [WARN] warnLog - Se ha visitado una ruta incorrecta: /favicon.ico
[2022-08-16T19:52:54.591] [WARN] warnLog - Se ha visitado una ruta incorrecta: /favicon.ico
[2022-08-16T19:52:54.977] [WARN] warnLog - Se ha visitado una ruta incorrecta: /favicon.ico
[2022-08-16T19:52:56.096] [WARN] warnLog - Se ha visitado una ruta incorrecta: /favicon.ico
[2022-08-16T19:52:56.508] [WARN] warnLog - Se ha visitado una ruta incorrecta: /favicon.ico
[2022-08-16T19:52:56.879] [WARN] warnLog - Se ha visitado una ruta incorrecta: /favicon.ico
[2022-08-16T19:52:57.223] [WARN] warnLog - Se ha visitado una ruta incorrecta: /favicon.ico
[2022-08-16T19:52:57.654] [WARN] warnLog - Se ha visitado una ruta incorrecta: /favicon.ico
[2022-08-16T19:52:57.994] [WARN] warnLog - Se ha visitado una ruta incorrecta: /favicon.ico
[2022-08-16T19:52:58.295] [WARN] warnLog - Se ha visitado una ruta incorrecta: /favicon.ico
[2022-08-16T19:52:58.421] [WARN] warnLog - Se ha visitado una ruta incorrecta: /favicon.ico
[2022-08-16T19:52:58.632] [WARN] warnLog - Se ha visitado una ruta incorrecta: /favicon.ico
[2022-08-16T19:52:58.959] [WARN] warnLog - Se ha visitado una ruta incorrecta: /favicon.ico
[2022-08-16T19:52:59.353] [WARN] warnLog - Se ha visitado una ruta incorrecta: /favicon.ico
[2022-08-16T19:53:02.489] [WARN] warnLog - Se ha visitado una ruta incorrecta: /favicon.ico
[2022-08-16T19:53:03.008] [WARN] warnLog - Se ha visitado una ruta incorrecta: /favicon.ico
[2022-08-16T19:53:03.332] [WARN] warnLog - Se ha visitado una ruta incorrecta: /favicon.ico
[2022-08-16T19:53:03.630] [WARN] warnLog - Se ha visitado una ruta incorrecta: /favicon.ico
[2022-08-16T19:53:08.008] [WARN] warnLog - Se ha visitado una ruta incorrecta: /favicon.ico
[2022-08-16T20:04:30.882] [WARN] warnLog - Se ha visitado una ruta incorrecta: /favicon.ico
[2022-08-16T20:06:12.961] [WARN] warnLog - Se ha visitado una ruta incorrecta: /favicon.ico
[2022-08-16T20:07:58.492] [WARN] warnLog - Se ha visitado una ruta incorrecta: /favicon.ico
[2022-08-16T20:09:23.315] [WARN] warnLog - Se ha visitado una ruta incorrecta: /favicon.ico
[2022-08-16T20:19:34.790] [WARN] warnLog - Se ha visitado una ruta incorrecta: /favicon.ico
[2022-08-18T19:37:03.895] [WARN] warnLog - Se ha visitado una ruta incorrecta: /imagenRandom3.jpg
[2022-08-18T19:37:10.637] [WARN] warnLog - Se ha visitado una ruta incorrecta: /imagenRandom3.jpg
[2022-08-18T19:37:23.146] [WARN] warnLog - Se ha visitado una ruta incorrecta: /imagenRandom3.jpg
[2022-08-18T19:37:50.747] [WARN] warnLog - Se ha visitado una ruta incorrecta: /imagenRandom3.jpg
[2022-08-18T19:37:51.658] [WARN] warnLog - Se ha visitado una ruta incorrecta: /imagenRandom3.jpg
[2022-08-18T19:38:55.018] [WARN] warnLog - Se ha visitado una ruta incorrecta: /imagenRandom3.jpg
[2022-08-18T19:38:55.612] [WARN] warnLog - Se ha visitado una ruta incorrecta: /imagenRandom3.jpg
[2022-08-18T19:39:04.274] [WARN] warnLog - Se ha visitado una ruta incorrecta: /imagenRandom3.jpg
[2022-08-18T19:39:20.635] [WARN] warnLog - Se ha visitado una ruta incorrecta: /imagenRandom3.jpg
[2022-08-18T19:39:20.638] [WARN] warnLog - Se ha visitado una ruta incorrecta: /imagenRandom7.jpg
[2022-08-18T20:04:26.417] [WARN] warnLog - Se ha visitado una ruta incorrecta: /asda
[2022-08-18T20:04:26.428] [WARN] warnLog - Se ha visitado una ruta incorrecta: /asda
[2022-08-18T20:04:26.437] [WARN] warnLog - Se ha visitado una ruta incorrecta: /asda
[2022-08-18T20:04:26.448] [WARN] warnLog - Se ha visitado una ruta incorrecta: /asda
[2022-08-18T20:04:26.458] [WARN] warnLog - Se ha visitado una ruta incorrecta: /asda
[2022-08-18T20:04:26.468] [WARN] warnLog - Se ha visitado una ruta incorrecta: /asda
[2022-08-18T20:04:26.478] [WARN] warnLog - Se ha visitado una ruta incorrecta: /asda
[2022-08-18T20:04:27.506] [WARN] warnLog - Se ha visitado una ruta incorrecta: /asda
[2022-08-18T20:04:27.521] [WARN] warnLog - Se ha visitado una ruta incorrecta: /asda
[2022-08-18T20:04:27.531] [WARN] warnLog - Se ha visitado una ruta incorrecta: /asda
[2022-08-18T20:04:27.546] [WARN] warnLog - Se ha visitado una ruta incorrecta: /asda
[2022-08-18T20:04:27.557] [WARN] warnLog - Se ha visitado una ruta incorrecta: /asda
[2022-08-18T20:04:27.567] [WARN] warnLog - Se ha visitado una ruta incorrecta: /asda
[2022-08-18T20:04:27.577] [WARN] warnLog - Se ha visitado una ruta incorrecta: /asda
[2022-08-18T20:04:32.626] [WARN] warnLog - Se ha visitado una ruta incorrecta: /asda
[2022-08-18T20:04:32.637] [WARN] warnLog - Se ha visitado una ruta incorrecta: /asda
[2022-08-18T20:04:32.646] [WARN] warnLog - Se ha visitado una ruta incorrecta: /asda
[2022-08-18T20:04:32.658] [WARN] warnLog - Se ha visitado una ruta incorrecta: /asda
[2022-08-18T20:04:32.668] [WARN] warnLog - Se ha visitado una ruta incorrecta: /asda
[2022-08-18T20:04:32.684] [WARN] warnLog - Se ha visitado una ruta incorrecta: /asda
[2022-08-18T20:04:39.432] [WARN] warnLog - Se ha visitado una ruta incorrecta: /asda
[2022-08-18T20:04:39.445] [WARN] warnLog - Se ha visitado una ruta incorrecta: /asda
[2022-08-18T20:04:39.456] [WARN] warnLog - Se ha visitado una ruta incorrecta: /asda
[2022-08-18T20:04:39.466] [WARN] warnLog - Se ha visitado una ruta incorrecta: /asda
[2022-08-18T20:04:39.477] [WARN] warnLog - Se ha visitado una ruta incorrecta: /asda
[2022-08-18T20:04:39.489] [WARN] warnLog - Se ha visitado una ruta incorrecta: /asda
[2022-08-18T20:04:40.533] [WARN] warnLog - Se ha visitado una ruta incorrecta: /asda
[2022-08-18T20:04:40.543] [WARN] warnLog - Se ha visitado una ruta incorrecta: /asda
[2022-08-18T20:04:40.554] [WARN] warnLog - Se ha visitado una ruta incorrecta: /asda
[2022-08-18T20:04:40.565] [WARN] warnLog - Se ha visitado una ruta incorrecta: /asda
[2022-08-18T20:04:40.575] [WARN] warnLog - Se ha visitado una ruta incorrecta: /asda
[2022-08-18T20:04:40.587] [WARN] warnLog - Se ha visitado una ruta incorrecta: /asda
[2022-08-18T20:04:40.596] [WARN] warnLog - Se ha visitado una ruta incorrecta: /asda
[2022-08-18T20:04:45.623] [WARN] warnLog - Se ha visitado una ruta incorrecta: /asda
[2022-08-18T20:04:45.638] [WARN] warnLog - Se ha visitado una ruta incorrecta: /asda
[2022-08-18T20:04:45.648] [WARN] warnLog - Se ha visitado una ruta incorrecta: /asda
[2022-08-18T20:04:45.658] [WARN] warnLog - Se ha visitado una ruta incorrecta: /asda
[2022-08-18T20:04:45.667] [WARN] warnLog - Se ha visitado una ruta incorrecta: /asda
[2022-08-18T20:04:45.679] [WARN] warnLog - Se ha visitado una ruta incorrecta: /asda
[2022-08-18T20:04:45.688] [WARN] warnLog - Se ha visitado una ruta incorrecta: /asda
[2022-08-18T20:05:10.734] [WARN] warnLog - Se ha visitado una ruta incorrecta: /asda
[2022-08-18T20:05:10.746] [WARN] warnLog - Se ha visitado una ruta incorrecta: /asda
[2022-08-18T20:05:10.756] [WARN] warnLog - Se ha visitado una ruta incorrecta: /asda
[2022-08-18T20:05:10.767] [WARN] warnLog - Se ha visitado una ruta incorrecta: /asda
[2022-08-18T20:05:10.778] [WARN] warnLog - Se ha visitado una ruta incorrecta: /asda
[2022-08-18T20:05:10.788] [WARN] warnLog - Se ha visitado una ruta incorrecta: /asda
[2022-08-18T20:05:32.230] [WARN] warnLog - Se ha visitado una ruta incorrecta: /asda
[2022-08-18T20:05:32.249] [WARN] warnLog - Se ha visitado una ruta incorrecta: /asda
[2022-08-18T20:05:32.262] [WARN] warnLog - Se ha visitado una ruta incorrecta: /asda
[2022-08-18T20:05:32.272] [WARN] warnLog - Se ha visitado una ruta incorrecta: /asda
[2022-08-18T20:05:32.284] [WARN] warnLog - Se ha visitado una ruta incorrecta: /asda
[2022-08-18T20:05:32.294] [WARN] warnLog - Se ha visitado una ruta incorrecta: /asda
[2022-08-18T20:05:32.305] [WARN] warnLog - Se ha visitado una ruta incorrecta: /asda
[2022-08-18T20:05:36.101] [WARN] warnLog - Se ha visitado una ruta incorrecta: /asda
[2022-08-18T20:05:36.112] [WARN] warnLog - Se ha visitado una ruta incorrecta: /asda
[2022-08-18T20:05:36.123] [WARN] warnLog - Se ha visitado una ruta incorrecta: /asda
[2022-08-18T20:05:36.135] [WARN] warnLog - Se ha visitado una ruta incorrecta: /asda
[2022-08-18T20:05:36.145] [WARN] warnLog - Se ha visitado una ruta incorrecta: /asda
[2022-08-18T20:05:36.156] [WARN] warnLog - Se ha visitado una ruta incorrecta: /asda
[2022-08-18T20:05:37.196] [WARN] warnLog - Se ha visitado una ruta incorrecta: /asda
[2022-08-18T20:05:37.207] [WARN] warnLog - Se ha visitado una ruta incorrecta: /asda
[2022-08-18T20:05:37.218] [WARN] warnLog - Se ha visitado una ruta incorrecta: /asda
[2022-08-18T20:05:37.228] [WARN] warnLog - Se ha visitado una ruta incorrecta: /asda
[2022-08-18T20:05:37.239] [WARN] warnLog - Se ha visitado una ruta incorrecta: /asda
[2022-08-18T20:05:37.259] [WARN] warnLog - Se ha visitado una ruta incorrecta: /asda
[2022-08-18T20:05:37.270] [WARN] warnLog - Se ha visitado una ruta incorrecta: /asda
[2022-08-18T20:05:42.293] [WARN] warnLog - Se ha visitado una ruta incorrecta: /asda
[2022-08-18T20:05:42.310] [WARN] warnLog - Se ha visitado una ruta incorrecta: /asda
[2022-08-18T20:05:42.323] [WARN] warnLog - Se ha visitado una ruta incorrecta: /asda
[2022-08-18T20:05:42.335] [WARN] warnLog - Se ha visitado una ruta incorrecta: /asda
[2022-08-18T20:05:42.350] [WARN] warnLog - Se ha visitado una ruta incorrecta: /asda
[2022-08-18T20:05:42.363] [WARN] warnLog - Se ha visitado una ruta incorrecta: /asda
[2022-08-18T20:05:42.375] [WARN] warnLog - Se ha visitado una ruta incorrecta: /asda
[2022-08-18T20:06:17.843] [WARN] warnLog - Se ha visitado una ruta incorrecta: /imagenRandom3.jpg
[2022-08-18T20:06:17.851] [WARN] warnLog - Se ha visitado una ruta incorrecta: /imagenRandom7.jpg
[2022-08-18T20:06:18.761] [WARN] warnLog - Se ha visitado una ruta incorrecta: /imagenRandom3.jpg
[2022-08-18T20:06:18.763] [WARN] warnLog - Se ha visitado una ruta incorrecta: /imagenRandom7.jpg
[2022-08-18T20:19:14.249] [WARN] warnLog - Se ha visitado una ruta incorrecta: /imagenRandom3.jpg
[2022-08-18T20:19:14.257] [WARN] warnLog - Se ha visitado una ruta incorrecta: /imagenRandom7.jpg
[2022-08-18T20:19:16.229] [WARN] warnLog - Se ha visitado una ruta incorrecta: /imagenRandom3.jpg
[2022-08-18T20:19:19.181] [WARN] warnLog - Se ha visitado una ruta incorrecta: /imagenRandom7.jpg
[2022-08-18T20:19:43.232] [WARN] warnLog - Se ha visitado una ruta incorrecta: /imagenRandom7.jpg
[2022-08-18T20:19:43.232] [WARN] warnLog - Se ha visitado una ruta incorrecta: /imagenRandom3.jpg
[2022-08-18T20:19:47.231] [WARN] warnLog - Se ha visitado una ruta incorrecta: /imagenRandom7.jpg
[2022-08-18T20:19:47.231] [WARN] warnLog - Se ha visitado una ruta incorrecta: /imagenRandom3.jpg
[2022-08-18T20:19:50.224] [WARN] warnLog - Se ha visitado una ruta incorrecta: /imagenRandom3.jpg
[2022-08-18T20:19:50.224] [WARN] warnLog - Se ha visitado una ruta incorrecta: /imagenRandom7.jpg
[2022-08-18T20:19:51.215] [WARN] warnLog - Se ha visitado una ruta incorrecta: /imagenRandom7.jpg
[2022-08-18T20:19:51.215] [WARN] warnLog - Se ha visitado una ruta incorrecta: /imagenRandom3.jpg
[2022-08-18T20:19:55.233] [WARN] warnLog - Se ha visitado una ruta incorrecta: /imagenRandom7.jpg
[2022-08-18T20:19:55.233] [WARN] warnLog - Se ha visitado una ruta incorrecta: /imagenRandom3.jpg
[2022-08-18T20:19:57.231] [WARN] warnLog - Se ha visitado una ruta incorrecta: /imagenRandom3.jpg
[2022-08-18T20:19:57.232] [WARN] warnLog - Se ha visitado una ruta incorrecta: /imagenRandom7.jpg
[2022-08-18T20:19:59.230] [WARN] warnLog - Se ha visitado una ruta incorrecta: /imagenRandom3.jpg
[2022-08-18T20:19:59.231] [WARN] warnLog - Se ha visitado una ruta incorrecta: /imagenRandom7.jpg
[2022-08-18T20:20:01.224] [WARN] warnLog - Se ha visitado una ruta incorrecta: /imagenRandom3.jpg
[2022-08-18T20:20:01.224] [WARN] warnLog - Se ha visitado una ruta incorrecta: /imagenRandom7.jpg
[2022-08-18T20:20:08.234] [WARN] warnLog - Se ha visitado una ruta incorrecta: /imagenRandom3.jpg
[2022-08-18T20:20:08.235] [WARN] warnLog - Se ha visitado una ruta incorrecta: /imagenRandom7.jpg
[2022-08-18T20:20:16.267] [WARN] warnLog - Se ha visitado una ruta incorrecta: /imagenRandom3.jpg
[2022-08-18T20:20:16.414] [WARN] warnLog - Se ha visitado una ruta incorrecta: /imagenRandom7.jpg
[2022-08-18T20:20:18.223] [WARN] warnLog - Se ha visitado una ruta incorrecta: /imagenRandom7.jpg
[2022-08-18T20:20:18.367] [WARN] warnLog - Se ha visitado una ruta incorrecta: /imagenRandom3.jpg
[2022-08-18T20:20:33.064] [WARN] warnLog - Se ha visitado una ruta incorrecta: /imagenRandom3.jpg
[2022-08-18T20:31:18.690] [WARN] warnLog - Se ha visitado una ruta incorrecta: /imagenRandom3.jpg
[2022-08-18T20:31:18.699] [WARN] warnLog - Se ha visitado una ruta incorrecta: /imagenRandom7.jpg
[2022-08-18T20:33:01.353] [WARN] warnLog - Se ha visitado una ruta incorrecta: /imagenRandom3.jpg
[2022-08-18T20:33:01.359] [WARN] warnLog - Se ha visitado una ruta incorrecta: /imagenRandom7.jpg
[2022-08-18T20:33:01.963] [WARN] warnLog - Se ha visitado una ruta incorrecta: /imagenRandom3.jpg
[2022-08-18T20:33:01.965] [WARN] warnLog - Se ha visitado una ruta incorrecta: /imagenRandom7.jpg
[2022-08-18T20:33:01.968] [WARN] warnLog - Se ha visitado una ruta incorrecta: /imagenRandom1.jpg
[2022-08-18T20:33:02.412] [WARN] warnLog - Se ha visitado una ruta incorrecta: /imagenRandom3.jpg
[2022-08-18T20:33:02.413] [WARN] warnLog - Se ha visitado una ruta incorrecta: /imagenRandom7.jpg
[2022-08-18T20:33:02.415] [WARN] warnLog - Se ha visitado una ruta incorrecta: /imagenRandom1.jpg
[2022-08-18T20:33:02.544] [WARN] warnLog - Se ha visitado una ruta incorrecta: /imagenRandom3.jpg
[2022-08-18T20:33:02.546] [WARN] warnLog - Se ha visitado una ruta incorrecta: /imagenRandom7.jpg
[2022-08-18T20:33:02.547] [WARN] warnLog - Se ha visitado una ruta incorrecta: /imagenRandom1.jpg
[2022-08-18T20:33:02.686] [WARN] warnLog - Se ha visitado una ruta incorrecta: /imagenRandom3.jpg
[2022-08-18T20:33:02.688] [WARN] warnLog - Se ha visitado una ruta incorrecta: /imagenRandom7.jpg
[2022-08-18T20:33:02.689] [WARN] warnLog - Se ha visitado una ruta incorrecta: /imagenRandom1.jpg
[2022-08-18T20:33:02.731] [WARN] warnLog - Se ha visitado una ruta incorrecta: /imagenRandom3.jpg
[2022-08-18T20:33:02.839] [WARN] warnLog - Se ha visitado una ruta incorrecta: /imagenRandom3.jpg
[2022-08-18T20:33:02.841] [WARN] warnLog - Se ha visitado una ruta incorrecta: /imagenRandom7.jpg
[2022-08-18T20:33:02.843] [WARN] warnLog - Se ha visitado una ruta incorrecta: /imagenRandom1.jpg
[2022-08-18T20:33:02.887] [WARN] warnLog - Se ha visitado una ruta incorrecta: /imagenRandom3.jpg
[2022-08-18T20:33:02.889] [WARN] warnLog - Se ha visitado una ruta incorrecta: /imagenRandom7.jpg
[2022-08-18T20:33:02.890] [WARN] warnLog - Se ha visitado una ruta incorrecta: /imagenRandom1.jpg
[2022-08-18T20:33:03.613] [WARN] warnLog - Se ha visitado una ruta incorrecta: /imagenRandom3.jpg
[2022-08-18T20:33:03.615] [WARN] warnLog - Se ha visitado una ruta incorrecta: /imagenRandom7.jpg
[2022-08-18T20:33:03.616] [WARN] warnLog - Se ha visitado una ruta incorrecta: /imagenRandom1.jpg
[2022-08-18T20:33:35.705] [WARN] warnLog - Se ha visitado una ruta incorrecta: /imagenRandom3.jpg
[2022-08-18T20:33:35.714] [WARN] warnLog - Se ha visitado una ruta incorrecta: /imagenRandom7.jpg
[2022-08-18T20:33:35.715] [WARN] warnLog - Se ha visitado una ruta incorrecta: /imagenRandom1.jpg
[2022-08-23T18:57:24.135] [WARN] warnLog - Se ha visitado una ruta incorrecta: /favicon.ico
[2022-08-23T18:57:29.115] [WARN] warnLog - Se ha visitado una ruta incorrecta: /favicon.ico
[2022-08-23T18:57:31.089] [WARN] warnLog - Se ha visitado una ruta incorrecta: /favicon.ico
[2022-08-23T18:57:34.194] [WARN] warnLog - Se ha visitado una ruta incorrecta: /favicon.ico
[2022-08-23T18:57:35.116] [WARN] warnLog - Se ha visitado una ruta incorrecta: /imagenRandom3.jpg
[2022-08-23T18:57:35.118] [WARN] warnLog - Se ha visitado una ruta incorrecta: /imagenRandom7.jpg
[2022-08-23T18:57:35.320] [WARN] warnLog - Se ha visitado una ruta incorrecta: /imagenRandom1.jpg
[2022-08-23T18:57:35.729] [WARN] warnLog - Se ha visitado una ruta incorrecta: /imagenRandom3.jpg
[2022-08-23T18:57:46.788] [WARN] warnLog - Se ha visitado una ruta incorrecta: /imagenRandom3.jpg
[2022-08-23T18:57:46.791] [WARN] warnLog - Se ha visitado una ruta incorrecta: /imagenRandom7.jpg
[2022-08-23T18:57:46.794] [WARN] warnLog - Se ha visitado una ruta incorrecta: /imagenRandom4.jpg
[2022-08-23T18:57:46.797] [WARN] warnLog - Se ha visitado una ruta incorrecta: /imagenRandom1.jpg
[2022-08-23T18:57:47.519] [WARN] warnLog - Se ha visitado una ruta incorrecta: /imagenRandom3.jpg
[2022-08-23T18:57:47.521] [WARN] warnLog - Se ha visitado una ruta incorrecta: /imagenRandom7.jpg
[2022-08-23T18:57:47.728] [WARN] warnLog - Se ha visitado una ruta incorrecta: /imagenRandom4.jpg
[2022-08-23T18:57:53.445] [WARN] warnLog - Se ha visitado una ruta incorrecta: /imagenRandom3.jpg
[2022-08-23T18:57:53.447] [WARN] warnLog - Se ha visitado una ruta incorrecta: /imagenRandom7.jpg
[2022-08-23T18:57:53.449] [WARN] warnLog - Se ha visitado una ruta incorrecta: /imagenRandom1.jpg
[2022-08-23T18:57:53.453] [WARN] warnLog - Se ha visitado una ruta incorrecta: /imagenRandom4.jpg
[2022-08-23T18:57:55.089] [WARN] warnLog - Se ha visitado una ruta incorrecta: /imagenRandom3.jpg
[2022-08-23T18:57:55.092] [WARN] warnLog - Se ha visitado una ruta incorrecta: /imagenRandom7.jpg
[2022-08-23T18:57:55.095] [WARN] warnLog - Se ha visitado una ruta incorrecta: /imagenRandom1.jpg
[2022-08-23T18:57:55.100] [WARN] warnLog - Se ha visitado una ruta incorrecta: /imagenRandom4.jpg
[2022-08-23T18:58:02.047] [WARN] warnLog - Se ha visitado una ruta incorrecta: /imagenRandom3.jpg
[2022-08-23T18:58:02.050] [WARN] warnLog - Se ha visitado una ruta incorrecta: /imagenRandom7.jpg
[2022-08-23T18:58:02.052] [WARN] warnLog - Se ha visitado una ruta incorrecta: /imagenRandom1.jpg
[2022-08-23T18:58:02.054] [WARN] warnLog - Se ha visitado una ruta incorrecta: /imagenRandom4.jpg
[2022-08-23T18:58:07.166] [WARN] warnLog - Se ha visitado una ruta incorrecta: /imagenRandom3.jpg
[2022-08-23T18:58:07.169] [WARN] warnLog - Se ha visitado una ruta incorrecta: /imagenRandom7.jpg
[2022-08-23T18:58:07.171] [WARN] warnLog - Se ha visitado una ruta incorrecta: /imagenRandom1.jpg
[2022-08-23T18:58:07.173] [WARN] warnLog - Se ha visitado una ruta incorrecta: /imagenRandom4.jpg
[2022-08-23T19:11:42.160] [WARN] warnLog - Se ha visitado una ruta incorrecta: /imagenRandom3.jpg
[2022-08-23T19:11:42.170] [WARN] warnLog - Se ha visitado una ruta incorrecta: /imagenRandom7.jpg
[2022-08-23T19:11:42.189] [WARN] warnLog - Se ha visitado una ruta incorrecta: /imagenRandom1.jpg
[2022-08-23T19:11:42.246] [WARN] warnLog - Se ha visitado una ruta incorrecta: /imagenRandom4.jpg
[2022-08-23T19:11:44.089] [WARN] warnLog - Se ha visitado una ruta incorrecta: /imagenRandom3.jpg
[2022-08-23T19:11:44.091] [WARN] warnLog - Se ha visitado una ruta incorrecta: /imagenRandom7.jpg
[2022-08-23T19:11:44.094] [WARN] warnLog - Se ha visitado una ruta incorrecta: /imagenRandom1.jpg
[2022-08-23T19:11:44.112] [WARN] warnLog - Se ha visitado una ruta incorrecta: /imagenRandom4.jpg
[2022-08-23T19:12:13.020] [WARN] warnLog - Se ha visitado una ruta incorrecta: /imagenRandom3.jpg
[2022-08-23T19:12:13.024] [WARN] warnLog - Se ha visitado una ruta incorrecta: /imagenRandom7.jpg
[2022-08-23T19:12:13.026] [WARN] warnLog - Se ha visitado una ruta incorrecta: /imagenRandom1.jpg
[2022-08-23T19:12:13.046] [WARN] warnLog - Se ha visitado una ruta incorrecta: /imagenRandom4.jpg
[2022-08-23T19:12:13.792] [WARN] warnLog - Se ha visitado una ruta incorrecta: /imagenRandom3.jpg
[2022-08-23T19:12:13.793] [WARN] warnLog - Se ha visitado una ruta incorrecta: /imagenRandom7.jpg
[2022-08-23T19:12:13.795] [WARN] warnLog - Se ha visitado una ruta incorrecta: /imagenRandom1.jpg
[2022-08-23T19:12:13.807] [WARN] warnLog - Se ha visitado una ruta incorrecta: /imagenRandom4.jpg
[2022-08-23T19:13:30.098] [WARN] warnLog - Se ha visitado una ruta incorrecta: /imagenRandom3.jpg
[2022-08-23T19:13:30.101] [WARN] warnLog - Se ha visitado una ruta incorrecta: /imagenRandom7.jpg
[2022-08-23T19:13:30.104] [WARN] warnLog - Se ha visitado una ruta incorrecta: /imagenRandom1.jpg
[2022-08-23T19:13:30.117] [WARN] warnLog - Se ha visitado una ruta incorrecta: /imagenRandom4.jpg
[2022-08-23T19:15:26.664] [WARN] warnLog - Se ha visitado una ruta incorrecta: /imagenRandom3.jpg
[2022-08-23T19:15:26.667] [WARN] warnLog - Se ha visitado una ruta incorrecta: /imagenRandom7.jpg
[2022-08-23T19:15:26.668] [WARN] warnLog - Se ha visitado una ruta incorrecta: /imagenRandom1.jpg
[2022-08-23T19:15:26.680] [WARN] warnLog - Se ha visitado una ruta incorrecta: /imagenRandom4.jpg
[2022-08-23T19:15:27.385] [WARN] warnLog - Se ha visitado una ruta incorrecta: /imagenRandom3.jpg
[2022-08-23T19:15:27.386] [WARN] warnLog - Se ha visitado una ruta incorrecta: /imagenRandom7.jpg
[2022-08-23T19:15:27.387] [WARN] warnLog - Se ha visitado una ruta incorrecta: /imagenRandom1.jpg
[2022-08-23T19:15:27.399] [WARN] warnLog - Se ha visitado una ruta incorrecta: /imagenRandom4.jpg
[2022-08-23T19:15:50.103] [WARN] warnLog - Se ha visitado una ruta incorrecta: /favicon.ico
[2022-08-23T19:15:55.950] [WARN] warnLog - Se ha visitado una ruta incorrecta: /favicon.ico
[2022-08-23T19:16:21.959] [WARN] warnLog - Se ha visitado una ruta incorrecta: /favicon.ico
[2022-08-23T19:16:24.513] [WARN] warnLog - Se ha visitado una ruta incorrecta: /favicon.ico
[2022-08-23T19:16:53.007] [WARN] warnLog - Se ha visitado una ruta incorrecta: /favicon.ico
[2022-08-23T19:16:53.872] [WARN] warnLog - Se ha visitado una ruta incorrecta: /favicon.ico
[2022-08-23T19:16:56.206] [WARN] warnLog - Se ha visitado una ruta incorrecta: /favicon.ico
[2022-08-23T19:16:57.298] [WARN] warnLog - Se ha visitado una ruta incorrecta: /favicon.ico
[2022-08-23T19:17:01.522] [WARN] warnLog - Se ha visitado una ruta incorrecta: /favicon.ico
[2022-08-23T19:25:47.228] [WARN] warnLog - Se ha visitado una ruta incorrecta: /favicon.ico
[2022-08-23T19:25:52.058] [WARN] warnLog - Se ha visitado una ruta incorrecta: /favicon.ico
[2022-08-23T19:26:37.214] [WARN] warnLog - Se ha visitado una ruta incorrecta: /favicon.ico
[2022-08-23T19:27:29.593] [WARN] warnLog - Se ha visitado una ruta incorrecta: /favicon.ico
[2022-08-23T19:27:31.177] [WARN] warnLog - Se ha visitado una ruta incorrecta: /favicon.ico
[2022-08-23T19:27:34.087] [WARN] warnLog - Se ha visitado una ruta incorrecta: /favicon.ico
[2022-08-23T19:28:04.013] [WARN] warnLog - Se ha visitado una ruta incorrecta: /favicon.ico
[2022-08-23T19:28:07.167] [WARN] warnLog - Se ha visitado una ruta incorrecta: /favicon.ico
[2022-08-23T19:28:08.784] [WARN] warnLog - Se ha visitado una ruta incorrecta: /favicon.ico
[2022-08-23T19:28:11.631] [WARN] warnLog - Se ha visitado una ruta incorrecta: /favicon.ico
[2022-08-23T19:29:16.738] [WARN] warnLog - Se ha visitado una ruta incorrecta: /favicon.ico
[2022-08-23T19:29:19.462] [WARN] warnLog - Se ha visitado una ruta incorrecta: /favicon.ico
[2022-08-23T19:29:21.093] [WARN] warnLog - Se ha visitado una ruta incorrecta: /favicon.ico
[2022-08-23T19:29:22.530] [WARN] warnLog - Se ha visitado una ruta incorrecta: /favicon.ico
[2022-08-23T19:29:25.960] [WARN] warnLog - Se ha visitado una ruta incorrecta: /favicon.ico
[2022-08-23T19:29:27.449] [WARN] warnLog - Se ha visitado una ruta incorrecta: /favicon.ico
[2022-08-23T19:29:30.260] [WARN] warnLog - Se ha visitado una ruta incorrecta: /favicon.ico
[2022-08-23T19:30:19.252] [WARN] warnLog - Se ha visitado una ruta incorrecta: /favicon.ico
[2022-08-23T19:31:40.877] [WARN] warnLog - Se ha visitado una ruta incorrecta: /favicon.ico
[2022-08-23T19:31:45.509] [WARN] warnLog - Se ha visitado una ruta incorrecta: /favicon.ico
[2022-08-23T19:31:53.366] [WARN] warnLog - Se ha visitado una ruta incorrecta: /favicon.ico
[2022-08-23T19:31:55.591] [WARN] warnLog - Se ha visitado una ruta incorrecta: /favicon.ico
[2022-08-23T19:33:03.085] [WARN] warnLog - Se ha visitado una ruta incorrecta: /favicon.ico
[2022-08-23T19:33:06.576] [WARN] warnLog - Se ha visitado una ruta incorrecta: /favicon.ico
[2022-08-23T19:34:19.649] [WARN] warnLog - Se ha visitado una ruta incorrecta: /favicon.ico
[2022-08-23T19:34:21.896] [WARN] warnLog - Se ha visitado una ruta incorrecta: /favicon.ico
[2022-08-23T19:34:22.980] [WARN] warnLog - Se ha visitado una ruta incorrecta: /favicon.ico
[2022-08-23T19:34:26.178] [WARN] warnLog - Se ha visitado una ruta incorrecta: /favicon.ico
[2022-08-23T19:40:28.978] [WARN] warnLog - Se ha visitado una ruta incorrecta: /favicon.ico
[2022-08-23T19:40:36.537] [WARN] warnLog - Se ha visitado una ruta incorrecta: /favicon.ico
[2022-08-23T19:40:39.960] [WARN] warnLog - Se ha visitado una ruta incorrecta: /favicon.ico
[2022-08-23T19:40:43.690] [WARN] warnLog - Se ha visitado una ruta incorrecta: /favicon.ico
[2022-08-23T19:40:44.735] [WARN] warnLog - Se ha visitado una ruta incorrecta: /favicon.ico
[2022-08-23T19:40:47.529] [WARN] warnLog - Se ha visitado una ruta incorrecta: /favicon.ico
[2022-08-23T19:40:47.803] [WARN] warnLog - Se ha visitado una ruta incorrecta: /imagenRandom3.jpg
[2022-08-23T19:40:47.804] [WARN] warnLog - Se ha visitado una ruta incorrecta: /imagenRandom7.jpg
[2022-08-23T19:40:47.805] [WARN] warnLog - Se ha visitado una ruta incorrecta: /imagenRandom1.jpg
[2022-08-23T19:40:47.807] [WARN] warnLog - Se ha visitado una ruta incorrecta: /imagenRandom4.jpg
[2022-08-23T19:40:48.713] [WARN] warnLog - Se ha visitado una ruta incorrecta: /imagenRandom3.jpg
[2022-08-23T19:40:48.714] [WARN] warnLog - Se ha visitado una ruta incorrecta: /imagenRandom7.jpg
[2022-08-23T19:40:48.716] [WARN] warnLog - Se ha visitado una ruta incorrecta: /imagenRandom1.jpg
[2022-08-23T19:40:48.719] [WARN] warnLog - Se ha visitado una ruta incorrecta: /imagenRandom4.jpg
[2022-08-23T19:40:53.142] [WARN] warnLog - Se ha visitado una ruta incorrecta: /favicon.ico
[2022-08-23T19:40:55.222] [WARN] warnLog - Se ha visitado una ruta incorrecta: /favicon.ico
[2022-08-23T19:42:03.302] [WARN] warnLog - Se ha visitado una ruta incorrecta: /favicon.ico
[2022-08-23T19:42:03.481] [WARN] warnLog - Se ha visitado una ruta incorrecta: /imagenRandom3.jpg
[2022-08-23T19:42:03.483] [WARN] warnLog - Se ha visitado una ruta incorrecta: /imagenRandom7.jpg
[2022-08-23T19:42:03.484] [WARN] warnLog - Se ha visitado una ruta incorrecta: /imagenRandom1.jpg
[2022-08-23T19:42:03.486] [WARN] warnLog - Se ha visitado una ruta incorrecta: /imagenRandom4.jpg
[2022-08-23T19:42:04.242] [WARN] warnLog - Se ha visitado una ruta incorrecta: /imagenRandom3.jpg
[2022-08-23T19:42:04.244] [WARN] warnLog - Se ha visitado una ruta incorrecta: /imagenRandom7.jpg
[2022-08-23T19:42:04.245] [WARN] warnLog - Se ha visitado una ruta incorrecta: /imagenRandom1.jpg
[2022-08-23T19:42:04.247] [WARN] warnLog - Se ha visitado una ruta incorrecta: /imagenRandom4.jpg
[2022-08-23T19:42:11.700] [WARN] warnLog - Se ha visitado una ruta incorrecta: /imagenRandom3.jpg
[2022-08-23T19:42:11.702] [WARN] warnLog - Se ha visitado una ruta incorrecta: /imagenRandom7.jpg
[2022-08-23T19:42:11.703] [WARN] warnLog - Se ha visitado una ruta incorrecta: /imagenRandom1.jpg
[2022-08-23T19:42:11.705] [WARN] warnLog - Se ha visitado una ruta incorrecta: /imagenRandom4.jpg
[2022-08-23T19:42:11.706] [WARN] warnLog - Se ha visitado una ruta incorrecta: /imagenRandom0.jpg
[2022-08-23T19:42:16.586] [WARN] warnLog - Se ha visitado una ruta incorrecta: /favicon.ico
[2022-08-23T19:42:18.666] [WARN] warnLog - Se ha visitado una ruta incorrecta: /favicon.ico
[2022-08-23T19:46:21.413] [WARN] warnLog - Se ha visitado una ruta incorrecta: /favicon.ico
[2022-08-23T19:46:31.541] [WARN] warnLog - Se ha visitado una ruta incorrecta: /favicon.ico
[2022-08-23T19:46:36.460] [WARN] warnLog - Se ha visitado una ruta incorrecta: /favicon.ico
[2022-08-23T19:46:36.622] [WARN] warnLog - Se ha visitado una ruta incorrecta: /imagenRandom3.jpg
[2022-08-23T19:46:36.624] [WARN] warnLog - Se ha visitado una ruta incorrecta: /imagenRandom7.jpg
[2022-08-23T19:46:36.625] [WARN] warnLog - Se ha visitado una ruta incorrecta: /imagenRandom1.jpg
[2022-08-23T19:46:36.626] [WARN] warnLog - Se ha visitado una ruta incorrecta: /imagenRandom4.jpg
[2022-08-23T19:46:36.628] [WARN] warnLog - Se ha visitado una ruta incorrecta: /imagenRandom0.jpg
[2022-08-23T19:46:37.375] [WARN] warnLog - Se ha visitado una ruta incorrecta: /imagenRandom3.jpg
[2022-08-23T19:46:37.380] [WARN] warnLog - Se ha visitado una ruta incorrecta: /imagenRandom7.jpg
[2022-08-23T19:46:37.381] [WARN] warnLog - Se ha visitado una ruta incorrecta: /imagenRandom1.jpg
[2022-08-23T19:46:37.382] [WARN] warnLog - Se ha visitado una ruta incorrecta: /imagenRandom4.jpg
[2022-08-23T19:46:37.383] [WARN] warnLog - Se ha visitado una ruta incorrecta: /imagenRandom0.jpg
[2022-08-23T19:46:39.636] [WARN] warnLog - Se ha visitado una ruta incorrecta: /favicon.ico
[2022-08-23T19:46:41.738] [WARN] warnLog - Se ha visitado una ruta incorrecta: /favicon.ico
[2022-08-23T19:46:46.495] [WARN] warnLog - Se ha visitado una ruta incorrecta: /favicon.ico
[2022-08-23T19:46:48.209] [WARN] warnLog - Se ha visitado una ruta incorrecta: /favicon.ico
[2022-08-23T19:47:32.560] [WARN] warnLog - Se ha visitado una ruta incorrecta: /favicon.ico
[2022-08-23T19:47:33.793] [WARN] warnLog - Se ha visitado una ruta incorrecta: /favicon.ico
[2022-08-23T19:47:37.133] [WARN] warnLog - Se ha visitado una ruta incorrecta: /favicon.ico
[2022-08-23T19:47:37.292] [WARN] warnLog - Se ha visitado una ruta incorrecta: /imagenRandom3.jpg
[2022-08-23T19:47:37.293] [WARN] warnLog - Se ha visitado una ruta incorrecta: /imagenRandom7.jpg
[2022-08-23T19:47:37.294] [WARN] warnLog - Se ha visitado una ruta incorrecta: /imagenRandom1.jpg
[2022-08-23T19:47:37.296] [WARN] warnLog - Se ha visitado una ruta incorrecta: /imagenRandom4.jpg
[2022-08-23T19:47:37.297] [WARN] warnLog - Se ha visitado una ruta incorrecta: /imagenRandom0.jpg
[2022-08-23T19:47:38.050] [WARN] warnLog - Se ha visitado una ruta incorrecta: /imagenRandom3.jpg
[2022-08-23T19:47:38.055] [WARN] warnLog - Se ha visitado una ruta incorrecta: /imagenRandom7.jpg
[2022-08-23T19:47:38.056] [WARN] warnLog - Se ha visitado una ruta incorrecta: /imagenRandom1.jpg
[2022-08-23T19:47:38.057] [WARN] warnLog - Se ha visitado una ruta incorrecta: /imagenRandom4.jpg
[2022-08-23T19:47:38.058] [WARN] warnLog - Se ha visitado una ruta incorrecta: /imagenRandom0.jpg
[2022-08-23T19:47:53.196] [WARN] warnLog - Se ha visitado una ruta incorrecta: /favicon.ico
[2022-08-23T19:47:53.372] [WARN] warnLog - Se ha visitado una ruta incorrecta: /imagenRandom3.jpg
[2022-08-23T19:47:53.373] [WARN] warnLog - Se ha visitado una ruta incorrecta: /imagenRandom7.jpg
[2022-08-23T19:47:53.374] [WARN] warnLog - Se ha visitado una ruta incorrecta: /imagenRandom1.jpg
[2022-08-23T19:47:53.376] [WARN] warnLog - Se ha visitado una ruta incorrecta: /imagenRandom4.jpg
[2022-08-23T19:47:53.377] [WARN] warnLog - Se ha visitado una ruta incorrecta: /imagenRandom0.jpg
[2022-08-23T19:47:54.155] [WARN] warnLog - Se ha visitado una ruta incorrecta: /favicon.ico
[2022-08-23T19:47:54.318] [WARN] warnLog - Se ha visitado una ruta incorrecta: /imagenRandom3.jpg
[2022-08-23T19:47:54.319] [WARN] warnLog - Se ha visitado una ruta incorrecta: /imagenRandom7.jpg
[2022-08-23T19:47:54.320] [WARN] warnLog - Se ha visitado una ruta incorrecta: /imagenRandom1.jpg
[2022-08-23T19:47:54.322] [WARN] warnLog - Se ha visitado una ruta incorrecta: /imagenRandom4.jpg
[2022-08-23T19:47:54.323] [WARN] warnLog - Se ha visitado una ruta incorrecta: /imagenRandom0.jpg
[2022-08-23T19:48:01.548] [WARN] warnLog - Se ha visitado una ruta incorrecta: /imagenRandom3.jpg
[2022-08-23T19:48:01.549] [WARN] warnLog - Se ha visitado una ruta incorrecta: /imagenRandom7.jpg
[2022-08-23T19:48:01.550] [WARN] warnLog - Se ha visitado una ruta incorrecta: /imagenRandom1.jpg
[2022-08-23T19:48:01.551] [WARN] warnLog - Se ha visitado una ruta incorrecta: /imagenRandom4.jpg
[2022-08-23T19:48:01.552] [WARN] warnLog - Se ha visitado una ruta incorrecta: /imagenRandom0.jpg
[2022-08-23T19:49:20.448] [WARN] warnLog - Se ha visitado una ruta incorrecta: /imagenRandom3.jpg
[2022-08-23T19:49:20.470] [WARN] warnLog - Se ha visitado una ruta incorrecta: /imagenRandom7.jpg
[2022-08-23T19:49:20.483] [WARN] warnLog - Se ha visitado una ruta incorrecta: /imagenRandom1.jpg
[2022-08-23T19:49:20.537] [WARN] warnLog - Se ha visitado una ruta incorrecta: /imagenRandom4.jpg
[2022-08-23T19:49:20.544] [WARN] warnLog - Se ha visitado una ruta incorrecta: /imagenRandom0.jpg
[2022-08-23T19:49:21.019] [WARN] warnLog - Se ha visitado una ruta incorrecta: /imagenRandom3.jpg
[2022-08-23T19:49:21.020] [WARN] warnLog - Se ha visitado una ruta incorrecta: /imagenRandom7.jpg
[2022-08-23T19:49:21.021] [WARN] warnLog - Se ha visitado una ruta incorrecta: /imagenRandom1.jpg
[2022-08-23T19:49:21.034] [WARN] warnLog - Se ha visitado una ruta incorrecta: /imagenRandom4.jpg
[2022-08-23T19:49:21.040] [WARN] warnLog - Se ha visitado una ruta incorrecta: /imagenRandom0.jpg
[2022-08-23T19:49:25.612] [WARN] warnLog - Se ha visitado una ruta incorrecta: /favicon.ico
[2022-08-23T19:49:33.306] [WARN] warnLog - Se ha visitado una ruta incorrecta: /favicon.ico
[2022-08-23T19:49:33.481] [WARN] warnLog - Se ha visitado una ruta incorrecta: /imagenRandom3.jpg
[2022-08-23T19:49:33.482] [WARN] warnLog - Se ha visitado una ruta incorrecta: /imagenRandom7.jpg
[2022-08-23T19:49:33.494] [WARN] warnLog - Se ha visitado una ruta incorrecta: /imagenRandom1.jpg
[2022-08-23T19:49:33.495] [WARN] warnLog - Se ha visitado una ruta incorrecta: /imagenRandom4.jpg
[2022-08-23T19:49:33.496] [WARN] warnLog - Se ha visitado una ruta incorrecta: /imagenRandom0.jpg
[2022-08-23T19:49:42.769] [WARN] warnLog - Se ha visitado una ruta incorrecta: /imagenRandom3.jpg
[2022-08-23T19:49:42.771] [WARN] warnLog - Se ha visitado una ruta incorrecta: /imagenRandom7.jpg
[2022-08-23T19:49:42.772] [WARN] warnLog - Se ha visitado una ruta incorrecta: /imagenRandom1.jpg
[2022-08-23T19:49:42.773] [WARN] warnLog - Se ha visitado una ruta incorrecta: /imagenRandom4.jpg
[2022-08-23T19:49:42.775] [WARN] warnLog - Se ha visitado una ruta incorrecta: /imagenRandom0.jpg
[2022-08-23T19:49:49.822] [WARN] warnLog - Se ha visitado una ruta incorrecta: /imagenRandom3.jpg
[2022-08-23T19:49:49.823] [WARN] warnLog - Se ha visitado una ruta incorrecta: /imagenRandom7.jpg
[2022-08-23T19:49:49.824] [WARN] warnLog - Se ha visitado una ruta incorrecta: /imagenRandom1.jpg
[2022-08-23T19:49:49.825] [WARN] warnLog - Se ha visitado una ruta incorrecta: /imagenRandom4.jpg
[2022-08-23T19:49:49.826] [WARN] warnLog - Se ha visitado una ruta incorrecta: /imagenRandom0.jpg
[2022-08-23T19:49:58.456] [WARN] warnLog - Se ha visitado una ruta incorrecta: /favicon.ico
[2022-08-23T19:50:00.551] [WARN] warnLog - Se ha visitado una ruta incorrecta: /favicon.ico
[2022-08-23T19:55:52.701] [WARN] warnLog - Se ha visitado una ruta incorrecta: /favicon.ico
[2022-08-23T19:56:01.342] [WARN] warnLog - Se ha visitado una ruta incorrecta: /favicon.ico
[2022-08-23T19:56:01.522] [WARN] warnLog - Se ha visitado una ruta incorrecta: /imagenRandom3.jpg
[2022-08-23T19:56:01.526] [WARN] warnLog - Se ha visitado una ruta incorrecta: /imagenRandom7.jpg
[2022-08-23T19:56:01.528] [WARN] warnLog - Se ha visitado una ruta incorrecta: /imagenRandom1.jpg
[2022-08-23T19:56:01.529] [WARN] warnLog - Se ha visitado una ruta incorrecta: /imagenRandom4.jpg
[2022-08-23T19:56:01.530] [WARN] warnLog - Se ha visitado una ruta incorrecta: /imagenRandom0.jpg
[2022-08-23T19:56:02.393] [WARN] warnLog - Se ha visitado una ruta incorrecta: /imagenRandom3.jpg
[2022-08-23T19:56:02.393] [WARN] warnLog - Se ha visitado una ruta incorrecta: /imagenRandom7.jpg
[2022-08-23T19:56:02.394] [WARN] warnLog - Se ha visitado una ruta incorrecta: /imagenRandom1.jpg
[2022-08-23T19:56:02.395] [WARN] warnLog - Se ha visitado una ruta incorrecta: /imagenRandom4.jpg
[2022-08-23T19:56:02.399] [WARN] warnLog - Se ha visitado una ruta incorrecta: /imagenRandom0.jpg
[2022-08-23T19:56:06.282] [WARN] warnLog - Se ha visitado una ruta incorrecta: /favicon.ico
[2022-08-23T19:56:06.452] [WARN] warnLog - Se ha visitado una ruta incorrecta: /imagenRandom3.jpg
[2022-08-23T19:56:06.453] [WARN] warnLog - Se ha visitado una ruta incorrecta: /imagenRandom7.jpg
[2022-08-23T19:56:06.454] [WARN] warnLog - Se ha visitado una ruta incorrecta: /imagenRandom1.jpg
[2022-08-23T19:56:06.455] [WARN] warnLog - Se ha visitado una ruta incorrecta: /imagenRandom4.jpg
[2022-08-23T19:56:06.456] [WARN] warnLog - Se ha visitado una ruta incorrecta: /imagenRandom0.jpg
[2022-08-23T19:58:32.098] [WARN] warnLog - Se ha visitado una ruta incorrecta: /imagenRandom3.jpg
[2022-08-23T19:58:32.101] [WARN] warnLog - Se ha visitado una ruta incorrecta: /imagenRandom7.jpg
[2022-08-23T19:58:32.105] [WARN] warnLog - Se ha visitado una ruta incorrecta: /imagenRandom1.jpg
[2022-08-23T19:58:32.106] [WARN] warnLog - Se ha visitado una ruta incorrecta: /imagenRandom4.jpg
[2022-08-23T19:58:32.107] [WARN] warnLog - Se ha visitado una ruta incorrecta: /imagenRandom0.jpg
[2022-08-23T19:58:32.777] [WARN] warnLog - Se ha visitado una ruta incorrecta: /imagenRandom3.jpg
[2022-08-23T19:58:32.779] [WARN] warnLog - Se ha visitado una ruta incorrecta: /imagenRandom7.jpg
[2022-08-23T19:58:32.780] [WARN] warnLog - Se ha visitado una ruta incorrecta: /imagenRandom1.jpg
[2022-08-23T19:58:32.781] [WARN] warnLog - Se ha visitado una ruta incorrecta: /imagenRandom4.jpg
[2022-08-23T19:58:32.782] [WARN] warnLog - Se ha visitado una ruta incorrecta: /imagenRandom0.jpg
[2022-08-23T19:58:34.292] [WARN] warnLog - Se ha visitado una ruta incorrecta: /favicon.ico
[2022-08-23T19:58:36.256] [WARN] warnLog - Se ha visitado una ruta incorrecta: /favicon.ico
[2022-08-23T20:18:15.390] [WARN] warnLog - Se ha visitado una ruta incorrecta: /favicon.ico
[2022-08-23T20:18:19.276] [WARN] warnLog - Se ha visitado una ruta incorrecta: /favicon.ico
[2022-08-23T20:18:56.504] [WARN] warnLog - Se ha visitado una ruta incorrecta: /favicon.ico
[2022-08-23T20:18:58.705] [WARN] warnLog - Se ha visitado una ruta incorrecta: /favicon.ico
[2022-08-23T20:18:59.743] [WARN] warnLog - Se ha visitado una ruta incorrecta: /favicon.ico
[2022-08-23T20:19:02.081] [WARN] warnLog - Se ha visitado una ruta incorrecta: /favicon.ico
[2022-08-23T20:19:25.953] [WARN] warnLog - Se ha visitado una ruta incorrecta: /favicon.ico
[2022-08-23T20:19:28.820] [WARN] warnLog - Se ha visitado una ruta incorrecta: /favicon.ico
[2022-08-23T20:20:21.656] [WARN] warnLog - Se ha visitado una ruta incorrecta: /favicon.ico
[2022-08-23T20:20:24.767] [WARN] warnLog - Se ha visitado una ruta incorrecta: /favicon.ico
[2022-08-23T20:20:50.962] [WARN] warnLog - Se ha visitado una ruta incorrecta: /favicon.ico
[2022-08-23T20:20:54.458] [WARN] warnLog - Se ha visitado una ruta incorrecta: /favicon.ico
[2022-08-23T20:21:19.171] [WARN] warnLog - Se ha visitado una ruta incorrecta: /favicon.ico
[2022-08-23T20:21:22.379] [WARN] warnLog - Se ha visitado una ruta incorrecta: /favicon.ico
[2022-08-23T20:22:05.600] [WARN] warnLog - Se ha visitado una ruta incorrecta: /favicon.ico
[2022-08-23T20:22:09.951] [WARN] warnLog - Se ha visitado una ruta incorrecta: /favicon.ico
[2022-08-23T20:22:22.660] [WARN] warnLog - Se ha visitado una ruta incorrecta: /favicon.ico
[2022-08-23T20:22:24.887] [WARN] warnLog - Se ha visitado una ruta incorrecta: /favicon.ico
[2022-08-23T20:29:06.591] [WARN] warnLog - Se ha visitado una ruta incorrecta: /favicon.ico
[2022-08-23T20:29:10.200] [WARN] warnLog - Se ha visitado una ruta incorrecta: /favicon.ico
[2022-08-23T20:29:10.381] [WARN] warnLog - Se ha visitado una ruta incorrecta: /imagenRandom3.jpg
[2022-08-23T20:29:10.386] [WARN] warnLog - Se ha visitado una ruta incorrecta: /imagenRandom7.jpg
[2022-08-23T20:29:10.386] [WARN] warnLog - Se ha visitado una ruta incorrecta: /imagenRandom1.jpg
[2022-08-23T20:29:10.388] [WARN] warnLog - Se ha visitado una ruta incorrecta: /imagenRandom4.jpg
[2022-08-23T20:29:10.389] [WARN] warnLog - Se ha visitado una ruta incorrecta: /imagenRandom0.jpg
[2022-08-23T20:29:11.291] [WARN] warnLog - Se ha visitado una ruta incorrecta: /imagenRandom3.jpg
[2022-08-23T20:29:11.292] [WARN] warnLog - Se ha visitado una ruta incorrecta: /imagenRandom7.jpg
[2022-08-23T20:29:11.293] [WARN] warnLog - Se ha visitado una ruta incorrecta: /imagenRandom1.jpg
[2022-08-23T20:29:11.294] [WARN] warnLog - Se ha visitado una ruta incorrecta: /imagenRandom4.jpg
[2022-08-23T20:29:11.295] [WARN] warnLog - Se ha visitado una ruta incorrecta: /imagenRandom0.jpg
[2022-08-23T20:29:12.233] [WARN] warnLog - Se ha visitado una ruta incorrecta: /favicon.ico
[2022-08-23T20:29:14.337] [WARN] warnLog - Se ha visitado una ruta incorrecta: /favicon.ico
[2022-08-23T20:30:42.896] [WARN] warnLog - Se ha visitado una ruta incorrecta: /favicon.ico
[2022-08-23T20:30:43.082] [WARN] warnLog - Se ha visitado una ruta incorrecta: /imagenRandom3.jpg
[2022-08-23T20:30:43.083] [WARN] warnLog - Se ha visitado una ruta incorrecta: /imagenRandom7.jpg
[2022-08-23T20:30:43.084] [WARN] warnLog - Se ha visitado una ruta incorrecta: /imagenRandom1.jpg
[2022-08-23T20:30:43.086] [WARN] warnLog - Se ha visitado una ruta incorrecta: /imagenRandom4.jpg
[2022-08-23T20:30:43.089] [WARN] warnLog - Se ha visitado una ruta incorrecta: /imagenRandom0.jpg
[2022-08-23T20:30:43.843] [WARN] warnLog - Se ha visitado una ruta incorrecta: /imagenRandom3.jpg
[2022-08-23T20:30:43.846] [WARN] warnLog - Se ha visitado una ruta incorrecta: /imagenRandom7.jpg
[2022-08-23T20:30:43.847] [WARN] warnLog - Se ha visitado una ruta incorrecta: /imagenRandom1.jpg
[2022-08-23T20:30:43.848] [WARN] warnLog - Se ha visitado una ruta incorrecta: /imagenRandom4.jpg
[2022-08-23T20:30:43.849] [WARN] warnLog - Se ha visitado una ruta incorrecta: /imagenRandom0.jpg
[2022-09-04T19:31:20.513] [WARN] warnLog - Se ha visitado una ruta incorrecta: /favicon.ico
[2022-09-04T19:31:24.027] [WARN] warnLog - Se ha visitado una ruta incorrecta: /favicon.ico
[2022-09-04T19:31:27.321] [WARN] warnLog - Se ha visitado una ruta incorrecta: /favicon.ico
[2022-09-04T19:31:30.203] [WARN] warnLog - Se ha visitado una ruta incorrecta: /favicon.ico
[2022-09-04T19:31:31.727] [WARN] warnLog - Se ha visitado una ruta incorrecta: /favicon.ico
[2022-09-04T19:31:32.747] [WARN] warnLog - Se ha visitado una ruta incorrecta: /favicon.ico
[2022-09-04T19:31:39.822] [WARN] warnLog - Se ha visitado una ruta incorrecta: /favicon.ico
[2022-09-04T19:31:46.286] [WARN] warnLog - Se ha visitado una ruta incorrecta: /favicon.ico
[2022-09-04T19:31:46.515] [WARN] warnLog - Se ha visitado una ruta incorrecta: /imagenRandom3.jpg
[2022-09-04T19:31:46.532] [WARN] warnLog - Se ha visitado una ruta incorrecta: /imagenRandom7.jpg
[2022-09-04T19:31:46.535] [WARN] warnLog - Se ha visitado una ruta incorrecta: /imagenRandom1.jpg
[2022-09-04T19:31:46.537] [WARN] warnLog - Se ha visitado una ruta incorrecta: /imagenRandom4.jpg
[2022-09-04T19:31:46.539] [WARN] warnLog - Se ha visitado una ruta incorrecta: /imagenRandom0.jpg
[2022-09-04T19:31:46.542] [WARN] warnLog - Se ha visitado una ruta incorrecta: /imagenRandom8.jpg
[2022-09-04T19:31:47.282] [WARN] warnLog - Se ha visitado una ruta incorrecta: /imagenRandom3.jpg
[2022-09-04T19:31:47.284] [WARN] warnLog - Se ha visitado una ruta incorrecta: /imagenRandom7.jpg
[2022-09-04T19:31:47.292] [WARN] warnLog - Se ha visitado una ruta incorrecta: /imagenRandom1.jpg
[2022-09-04T19:31:47.294] [WARN] warnLog - Se ha visitado una ruta incorrecta: /imagenRandom4.jpg
[2022-09-04T19:31:47.296] [WARN] warnLog - Se ha visitado una ruta incorrecta: /imagenRandom0.jpg
[2022-09-04T19:31:47.303] [WARN] warnLog - Se ha visitado una ruta incorrecta: /imagenRandom8.jpg
[2022-09-04T19:32:10.882] [WARN] warnLog - Se ha visitado una ruta incorrecta: /favicon.ico
[2022-09-04T19:32:11.028] [WARN] warnLog - Se ha visitado una ruta incorrecta: /imagenRandom3.jpg
[2022-09-04T19:32:11.035] [WARN] warnLog - Se ha visitado una ruta incorrecta: /imagenRandom7.jpg
[2022-09-04T19:32:11.037] [WARN] warnLog - Se ha visitado una ruta incorrecta: /imagenRandom1.jpg
[2022-09-04T19:32:11.039] [WARN] warnLog - Se ha visitado una ruta incorrecta: /imagenRandom4.jpg
[2022-09-04T19:32:11.043] [WARN] warnLog - Se ha visitado una ruta incorrecta: /imagenRandom0.jpg
[2022-09-04T19:32:11.046] [WARN] warnLog - Se ha visitado una ruta incorrecta: /imagenRandom8.jpg
[2022-09-04T19:32:11.264] [WARN] warnLog - Se ha visitado una ruta incorrecta: /imagenRandom3.jpg
[2022-09-04T19:32:11.266] [WARN] warnLog - Se ha visitado una ruta incorrecta: /imagenRandom7.jpg
[2022-09-04T19:32:11.269] [WARN] warnLog - Se ha visitado una ruta incorrecta: /imagenRandom1.jpg
[2022-09-04T19:32:11.276] [WARN] warnLog - Se ha visitado una ruta incorrecta: /imagenRandom4.jpg
[2022-09-04T19:32:11.277] [WARN] warnLog - Se ha visitado una ruta incorrecta: /imagenRandom0.jpg
[2022-09-04T19:32:11.279] [WARN] warnLog - Se ha visitado una ruta incorrecta: /imagenRandom8.jpg
[2022-09-04T19:41:23.078] [WARN] warnLog - Se ha visitado una ruta incorrecta: /imagenRandom3.jpg
[2022-09-04T19:41:23.083] [WARN] warnLog - Se ha visitado una ruta incorrecta: /imagenRandom7.jpg
[2022-09-04T19:41:23.087] [WARN] warnLog - Se ha visitado una ruta incorrecta: /imagenRandom1.jpg
[2022-09-04T19:41:23.112] [WARN] warnLog - Se ha visitado una ruta incorrecta: /imagenRandom4.jpg
[2022-09-04T19:41:23.118] [WARN] warnLog - Se ha visitado una ruta incorrecta: /imagenRandom0.jpg
[2022-09-04T19:41:23.123] [WARN] warnLog - Se ha visitado una ruta incorrecta: /imagenRandom8.jpg
[2022-09-04T19:41:23.677] [WARN] warnLog - Se ha visitado una ruta incorrecta: /imagenRandom3.jpg
[2022-09-04T19:41:23.678] [WARN] warnLog - Se ha visitado una ruta incorrecta: /imagenRandom7.jpg
[2022-09-04T19:41:23.681] [WARN] warnLog - Se ha visitado una ruta incorrecta: /imagenRandom1.jpg
[2022-09-04T19:41:23.702] [WARN] warnLog - Se ha visitado una ruta incorrecta: /imagenRandom4.jpg
[2022-09-04T19:41:23.709] [WARN] warnLog - Se ha visitado una ruta incorrecta: /imagenRandom0.jpg
[2022-09-04T19:41:23.716] [WARN] warnLog - Se ha visitado una ruta incorrecta: /imagenRandom8.jpg
[2022-09-04T19:41:33.144] [WARN] warnLog - Se ha visitado una ruta incorrecta: /favicon.ico
[2022-09-04T19:41:35.337] [WARN] warnLog - Se ha visitado una ruta incorrecta: /favicon.ico
[2022-09-04T19:42:17.542] [WARN] warnLog - Se ha visitado una ruta incorrecta: /favicon.ico
[2022-09-04T19:43:08.989] [WARN] warnLog - Se ha visitado una ruta incorrecta: /favicon.ico
[2022-09-04T19:45:24.687] [WARN] warnLog - Se ha visitado una ruta incorrecta: /favicon.ico
[2022-09-04T19:46:11.278] [WARN] warnLog - Se ha visitado una ruta incorrecta: /favicon.ico
[2022-09-04T19:49:50.178] [WARN] warnLog - Se ha visitado una ruta incorrecta: /favicon.ico
[2022-09-04T19:49:53.288] [WARN] warnLog - Se ha visitado una ruta incorrecta: /favicon.ico
[2022-09-04T19:49:59.725] [WARN] warnLog - Se ha visitado una ruta incorrecta: /favicon.ico
[2022-09-04T19:50:04.846] [WARN] warnLog - Se ha visitado una ruta incorrecta: /favicon.ico
[2022-09-04T19:51:26.704] [WARN] warnLog - Se ha visitado una ruta incorrecta: /favicon.ico
[2022-09-04T19:51:36.257] [WARN] warnLog - Se ha visitado una ruta incorrecta: /favicon.ico
[2022-09-04T19:54:14.852] [WARN] warnLog - Se ha visitado una ruta incorrecta: /favicon.ico
[2022-09-04T19:54:25.423] [WARN] warnLog - Se ha visitado una ruta incorrecta: /favicon.ico
[2022-09-04T19:54:30.157] [WARN] warnLog - Se ha visitado una ruta incorrecta: /favicon.ico
[2022-09-04T19:54:30.356] [WARN] warnLog - Se ha visitado una ruta incorrecta: /imagenRandom3.jpg
[2022-09-04T19:54:30.364] [WARN] warnLog - Se ha visitado una ruta incorrecta: /imagenRandom7.jpg
[2022-09-04T19:54:30.366] [WARN] warnLog - Se ha visitado una ruta incorrecta: /imagenRandom1.jpg
[2022-09-04T19:54:30.368] [WARN] warnLog - Se ha visitado una ruta incorrecta: /imagenRandom4.jpg
[2022-09-04T19:54:30.370] [WARN] warnLog - Se ha visitado una ruta incorrecta: /imagenRandom0.jpg
[2022-09-04T19:54:30.375] [WARN] warnLog - Se ha visitado una ruta incorrecta: /imagenRandom8.jpg
[2022-09-04T19:54:31.374] [WARN] warnLog - Se ha visitado una ruta incorrecta: /imagenRandom3.jpg
[2022-09-04T19:54:31.382] [WARN] warnLog - Se ha visitado una ruta incorrecta: /imagenRandom7.jpg
[2022-09-04T19:54:31.383] [WARN] warnLog - Se ha visitado una ruta incorrecta: /imagenRandom1.jpg
[2022-09-04T19:54:31.384] [WARN] warnLog - Se ha visitado una ruta incorrecta: /imagenRandom4.jpg
[2022-09-04T19:54:31.386] [WARN] warnLog - Se ha visitado una ruta incorrecta: /imagenRandom0.jpg
[2022-09-04T19:54:31.387] [WARN] warnLog - Se ha visitado una ruta incorrecta: /imagenRandom8.jpg
[2022-09-04T19:54:32.329] [WARN] warnLog - Se ha visitado una ruta incorrecta: /favicon.ico
[2022-09-04T19:54:34.453] [WARN] warnLog - Se ha visitado una ruta incorrecta: /favicon.ico
[2022-09-04T19:54:38.560] [WARN] warnLog - Se ha visitado una ruta incorrecta: /favicon.ico
[2022-09-04T19:54:40.034] [WARN] warnLog - Se ha visitado una ruta incorrecta: /favicon.ico
[2022-09-04T19:59:59.085] [WARN] warnLog - Se ha visitado una ruta incorrecta: /favicon.ico
[2022-09-04T20:00:36.715] [WARN] warnLog - Se ha visitado una ruta incorrecta: /favicon.ico
[2022-09-04T20:00:43.466] [WARN] warnLog - Se ha visitado una ruta incorrecta: /favicon.ico
[2022-09-04T20:00:43.712] [WARN] warnLog - Se ha visitado una ruta incorrecta: /imagenRandom3.jpg
[2022-09-04T20:00:43.714] [WARN] warnLog - Se ha visitado una ruta incorrecta: /imagenRandom7.jpg
[2022-09-04T20:00:43.719] [WARN] warnLog - Se ha visitado una ruta incorrecta: /imagenRandom1.jpg
[2022-09-04T20:00:43.720] [WARN] warnLog - Se ha visitado una ruta incorrecta: /imagenRandom4.jpg
[2022-09-04T20:00:43.722] [WARN] warnLog - Se ha visitado una ruta incorrecta: /imagenRandom0.jpg
[2022-09-04T20:00:43.727] [WARN] warnLog - Se ha visitado una ruta incorrecta: /imagenRandom8.jpg
[2022-09-04T20:00:44.618] [WARN] warnLog - Se ha visitado una ruta incorrecta: /imagenRandom3.jpg
[2022-09-04T20:00:44.627] [WARN] warnLog - Se ha visitado una ruta incorrecta: /imagenRandom7.jpg
[2022-09-04T20:00:44.628] [WARN] warnLog - Se ha visitado una ruta incorrecta: /imagenRandom1.jpg
[2022-09-04T20:00:44.630] [WARN] warnLog - Se ha visitado una ruta incorrecta: /imagenRandom4.jpg
[2022-09-04T20:00:44.632] [WARN] warnLog - Se ha visitado una ruta incorrecta: /imagenRandom0.jpg
[2022-09-04T20:00:44.634] [WARN] warnLog - Se ha visitado una ruta incorrecta: /imagenRandom8.jpg
[2022-09-04T20:00:44.836] [WARN] warnLog - Se ha visitado una ruta incorrecta: /favicon.ico
[2022-09-04T20:00:46.989] [WARN] warnLog - Se ha visitado una ruta incorrecta: /favicon.ico
[2022-09-04T20:00:47.211] [WARN] warnLog - Se ha visitado una ruta incorrecta: /imagenRandom3.jpg
[2022-09-04T20:00:47.213] [WARN] warnLog - Se ha visitado una ruta incorrecta: /imagenRandom7.jpg
[2022-09-04T20:00:47.216] [WARN] warnLog - Se ha visitado una ruta incorrecta: /imagenRandom1.jpg
[2022-09-04T20:00:47.218] [WARN] warnLog - Se ha visitado una ruta incorrecta: /imagenRandom4.jpg
[2022-09-04T20:00:47.220] [WARN] warnLog - Se ha visitado una ruta incorrecta: /imagenRandom0.jpg
[2022-09-04T20:00:47.222] [WARN] warnLog - Se ha visitado una ruta incorrecta: /imagenRandom8.jpg
[2022-09-04T20:00:48.657] [WARN] warnLog - Se ha visitado una ruta incorrecta: /favicon.ico
[2022-09-04T20:00:50.748] [WARN] warnLog - Se ha visitado una ruta incorrecta: /favicon.ico
[2022-09-04T20:00:55.135] [WARN] warnLog - Se ha visitado una ruta incorrecta: /favicon.ico
[2022-09-04T20:00:56.804] [WARN] warnLog - Se ha visitado una ruta incorrecta: /favicon.ico
[2022-09-04T20:00:58.702] [WARN] warnLog - Se ha visitado una ruta incorrecta: /favicon.ico
[2022-09-04T20:01:03.766] [WARN] warnLog - Se ha visitado una ruta incorrecta: /favicon.ico
[2022-09-04T20:01:03.956] [WARN] warnLog - Se ha visitado una ruta incorrecta: /imagenRandom3.jpg
[2022-09-04T20:01:03.958] [WARN] warnLog - Se ha visitado una ruta incorrecta: /imagenRandom7.jpg
[2022-09-04T20:01:03.960] [WARN] warnLog - Se ha visitado una ruta incorrecta: /imagenRandom1.jpg
[2022-09-04T20:01:03.961] [WARN] warnLog - Se ha visitado una ruta incorrecta: /imagenRandom4.jpg
[2022-09-04T20:01:03.966] [WARN] warnLog - Se ha visitado una ruta incorrecta: /imagenRandom0.jpg
[2022-09-04T20:01:03.968] [WARN] warnLog - Se ha visitado una ruta incorrecta: /imagenRandom8.jpg
[2022-09-04T20:01:06.082] [WARN] warnLog - Se ha visitado una ruta incorrecta: /favicon.ico
[2022-09-04T20:01:08.201] [WARN] warnLog - Se ha visitado una ruta incorrecta: /favicon.ico
[2022-09-04T20:08:25.256] [WARN] warnLog - Se ha visitado una ruta incorrecta: /usuarios/login
[2022-09-04T20:08:29.141] [WARN] warnLog - Se ha visitado una ruta incorrecta: /favicon.ico
[2022-09-04T20:13:31.673] [WARN] warnLog - Se ha visitado una ruta incorrecta: /usuarios/
[2022-09-04T20:13:32.360] [WARN] warnLog - Se ha visitado una ruta incorrecta: /favicon.ico
[2022-09-04T20:13:38.117] [WARN] warnLog - Se ha visitado una ruta incorrecta: /usuarios
[2022-09-04T20:13:38.241] [WARN] warnLog - Se ha visitado una ruta incorrecta: /favicon.ico
[2022-09-04T20:14:11.824] [WARN] warnLog - Se ha visitado una ruta incorrecta: /favicon.ico
[2022-09-04T20:15:05.863] [WARN] warnLog - Se ha visitado una ruta incorrecta: /favicon.ico
[2022-09-04T20:15:26.589] [WARN] warnLog - Se ha visitado una ruta incorrecta: /favicon.ico
[2022-09-04T20:16:56.874] [WARN] warnLog - Se ha visitado una ruta incorrecta: /favicon.ico
[2022-09-04T20:17:36.192] [WARN] warnLog - Se ha visitado una ruta incorrecta: /favicon.ico
[2022-09-04T20:18:08.421] [WARN] warnLog - Se ha visitado una ruta incorrecta: /favicon.ico
[2022-09-04T20:18:34.151] [WARN] warnLog - Se ha visitado una ruta incorrecta: /favicon.ico
[2022-09-04T20:19:21.855] [WARN] warnLog - Se ha visitado una ruta incorrecta: /favicon.ico
[2022-09-04T20:19:55.857] [WARN] warnLog - Se ha visitado una ruta incorrecta: /favicon.ico
[2022-09-04T20:20:39.161] [WARN] warnLog - Se ha visitado una ruta incorrecta: /favicon.ico
[2022-09-04T20:20:40.489] [WARN] warnLog - Se ha visitado una ruta incorrecta: /favicon.ico
[2022-09-04T20:23:22.875] [WARN] warnLog - Se ha visitado una ruta incorrecta: /favicon.ico
[2022-09-04T20:28:48.012] [WARN] warnLog - Se ha visitado una ruta incorrecta: /favicon.ico
[2022-09-04T20:29:24.210] [WARN] warnLog - Se ha visitado una ruta incorrecta: /favicon.ico
[2022-09-04T20:30:30.981] [WARN] warnLog - Se ha visitado una ruta incorrecta: /favicon.ico
[2022-09-04T20:30:43.823] [WARN] warnLog - Se ha visitado una ruta incorrecta: /usuarios/login
[2022-09-04T20:30:44.051] [WARN] warnLog - Se ha visitado una ruta incorrecta: /favicon.ico
[2022-09-04T20:33:30.358] [WARN] warnLog - Se ha visitado una ruta incorrecta: /favicon.ico
[2022-09-04T20:33:30.802] [WARN] warnLog - Se ha visitado una ruta incorrecta: /favicon.ico
[2022-09-04T20:33:43.932] [WARN] warnLog - Se ha visitado una ruta incorrecta: /favicon.ico
[2022-09-04T20:33:55.059] [WARN] warnLog - Se ha visitado una ruta incorrecta: /favicon.ico
[2022-09-04T20:33:57.590] [WARN] warnLog - Se ha visitado una ruta incorrecta: /favicon.ico
[2022-09-04T20:33:58.331] [WARN] warnLog - Se ha visitado una ruta incorrecta: /favicon.ico
[2022-09-04T20:33:59.058] [WARN] warnLog - Se ha visitado una ruta incorrecta: /favicon.ico
[2022-09-04T20:33:59.896] [WARN] warnLog - Se ha visitado una ruta incorrecta: /favicon.ico
[2022-09-04T20:34:00.537] [WARN] warnLog - Se ha visitado una ruta incorrecta: /favicon.ico
[2022-09-04T20:34:01.022] [WARN] warnLog - Se ha visitado una ruta incorrecta: /favicon.ico
[2022-09-04T20:34:01.446] [WARN] warnLog - Se ha visitado una ruta incorrecta: /favicon.ico
[2022-09-04T20:34:02.002] [WARN] warnLog - Se ha visitado una ruta incorrecta: /favicon.ico
[2022-09-04T20:34:02.545] [WARN] warnLog - Se ha visitado una ruta incorrecta: /favicon.ico
[2022-09-04T20:34:20.560] [WARN] warnLog - Se ha visitado una ruta incorrecta: /favicon.ico
[2022-09-04T20:36:27.766] [WARN] warnLog - Se ha visitado una ruta incorrecta: /usuarios/styles.css
[2022-09-04T20:36:28.016] [WARN] warnLog - Se ha visitado una ruta incorrecta: /favicon.ico
[2022-09-04T20:36:28.075] [WARN] warnLog - Se ha visitado una ruta incorrecta: /usuarios/styles.css
[2022-09-04T20:36:28.241] [WARN] warnLog - Se ha visitado una ruta incorrecta: /favicon.ico
[2022-09-04T20:36:38.647] [WARN] warnLog - Se ha visitado una ruta incorrecta: /usuarios/styles.css
[2022-09-04T20:36:38.807] [WARN] warnLog - Se ha visitado una ruta incorrecta: /favicon.ico
[2022-09-04T20:37:02.019] [WARN] warnLog - Se ha visitado una ruta incorrecta: /favicon.ico
[2022-09-04T20:38:18.943] [WARN] warnLog - Se ha visitado una ruta incorrecta: /usuarios/styles.css
[2022-09-04T20:38:19.089] [WARN] warnLog - Se ha visitado una ruta incorrecta: /favicon.ico
[2022-09-04T20:40:16.119] [WARN] warnLog - Se ha visitado una ruta incorrecta: /usuarios/styles.css
[2022-09-04T20:40:16.289] [WARN] warnLog - Se ha visitado una ruta incorrecta: /favicon.ico
[2022-09-04T20:40:20.025] [WARN] warnLog - Se ha visitado una ruta incorrecta: /favicon.ico
[2022-09-04T20:40:22.628] [WARN] warnLog - Se ha visitado una ruta incorrecta: /usuarios/styles.css
[2022-09-04T20:40:22.836] [WARN] warnLog - Se ha visitado una ruta incorrecta: /favicon.ico
[2022-09-04T20:40:32.166] [WARN] warnLog - Se ha visitado una ruta incorrecta: /usuarios/login
[2022-09-04T20:40:32.403] [WARN] warnLog - Se ha visitado una ruta incorrecta: /favicon.ico
[2022-09-04T20:40:38.784] [WARN] warnLog - Se ha visitado una ruta incorrecta: /favicon.ico
[2022-09-04T20:40:39.057] [WARN] warnLog - Se ha visitado una ruta incorrecta: /imagenRandom3.jpg
[2022-09-04T20:40:39.063] [WARN] warnLog - Se ha visitado una ruta incorrecta: /imagenRandom7.jpg
[2022-09-04T20:40:39.068] [WARN] warnLog - Se ha visitado una ruta incorrecta: /imagenRandom1.jpg
[2022-09-04T20:40:39.076] [WARN] warnLog - Se ha visitado una ruta incorrecta: /imagenRandom4.jpg
[2022-09-04T20:40:39.078] [WARN] warnLog - Se ha visitado una ruta incorrecta: /imagenRandom0.jpg
[2022-09-04T20:40:39.081] [WARN] warnLog - Se ha visitado una ruta incorrecta: /imagenRandom8.jpg
[2022-09-04T20:40:39.258] [WARN] warnLog - Se ha visitado una ruta incorrecta: /imagenRandom3.jpg
[2022-09-04T20:40:39.261] [WARN] warnLog - Se ha visitado una ruta incorrecta: /imagenRandom7.jpg
[2022-09-04T20:40:39.263] [WARN] warnLog - Se ha visitado una ruta incorrecta: /imagenRandom1.jpg
[2022-09-04T20:40:39.264] [WARN] warnLog - Se ha visitado una ruta incorrecta: /imagenRandom4.jpg
[2022-09-04T20:40:39.268] [WARN] warnLog - Se ha visitado una ruta incorrecta: /imagenRandom0.jpg
[2022-09-04T20:40:39.269] [WARN] warnLog - Se ha visitado una ruta incorrecta: /imagenRandom8.jpg
[2022-09-04T20:40:40.183] [WARN] warnLog - Se ha visitado una ruta incorrecta: /imagenRandom3.jpg
[2022-09-04T20:40:40.185] [WARN] warnLog - Se ha visitado una ruta incorrecta: /imagenRandom7.jpg
[2022-09-04T20:40:40.187] [WARN] warnLog - Se ha visitado una ruta incorrecta: /imagenRandom1.jpg
[2022-09-04T20:40:40.196] [WARN] warnLog - Se ha visitado una ruta incorrecta: /imagenRandom4.jpg
[2022-09-04T20:40:40.198] [WARN] warnLog - Se ha visitado una ruta incorrecta: /imagenRandom0.jpg
[2022-09-04T20:40:40.200] [WARN] warnLog - Se ha visitado una ruta incorrecta: /imagenRandom8.jpg
[2022-09-04T20:40:40.232] [WARN] warnLog - Se ha visitado una ruta incorrecta: /imagenRandom3.jpg
[2022-09-04T20:40:40.233] [WARN] warnLog - Se ha visitado una ruta incorrecta: /imagenRandom7.jpg
[2022-09-04T20:40:40.235] [WARN] warnLog - Se ha visitado una ruta incorrecta: /imagenRandom1.jpg
[2022-09-04T20:40:40.245] [WARN] warnLog - Se ha visitado una ruta incorrecta: /imagenRandom4.jpg
[2022-09-04T20:40:40.253] [WARN] warnLog - Se ha visitado una ruta incorrecta: /imagenRandom0.jpg
[2022-09-04T20:40:40.257] [WARN] warnLog - Se ha visitado una ruta incorrecta: /imagenRandom8.jpg
[2022-09-04T20:42:40.728] [WARN] warnLog - Se ha visitado una ruta incorrecta: /favicon.ico
[2022-09-04T20:42:46.829] [WARN] warnLog - Se ha visitado una ruta incorrecta: /usuarios/styles.css
[2022-09-04T20:42:47.004] [WARN] warnLog - Se ha visitado una ruta incorrecta: /favicon.ico
[2022-09-04T20:42:53.769] [WARN] warnLog - Se ha visitado una ruta incorrecta: /favicon.ico
[2022-09-04T20:43:02.506] [WARN] warnLog - Se ha visitado una ruta incorrecta: /usuarios/styles.css
[2022-09-04T20:43:02.690] [WARN] warnLog - Se ha visitado una ruta incorrecta: /favicon.ico
[2022-09-04T20:43:07.242] [WARN] warnLog - Se ha visitado una ruta incorrecta: /usuarios/styles.css
[2022-09-04T20:43:07.341] [WARN] warnLog - Se ha visitado una ruta incorrecta: /favicon.ico
[2022-09-04T20:43:09.120] [WARN] warnLog - Se ha visitado una ruta incorrecta: /favicon.ico
[2022-09-04T20:43:10.228] [WARN] warnLog - Se ha visitado una ruta incorrecta: /usuarios/styles.css
[2022-09-04T20:43:10.327] [WARN] warnLog - Se ha visitado una ruta incorrecta: /favicon.ico
[2022-09-04T20:43:11.517] [WARN] warnLog - Se ha visitado una ruta incorrecta: /favicon.ico
[2022-09-04T20:43:12.743] [WARN] warnLog - Se ha visitado una ruta incorrecta: /usuarios/styles.css
[2022-09-04T20:43:12.836] [WARN] warnLog - Se ha visitado una ruta incorrecta: /favicon.ico
[2022-09-04T20:43:13.781] [WARN] warnLog - Se ha visitado una ruta incorrecta: /favicon.ico
[2022-09-04T20:43:18.055] [WARN] warnLog - Se ha visitado una ruta incorrecta: /usuarios/styles.css
[2022-09-04T20:43:18.913] [WARN] warnLog - Se ha visitado una ruta incorrecta: /usuarios/styles.css
[2022-09-04T20:43:18.992] [WARN] warnLog - Se ha visitado una ruta incorrecta: /favicon.ico
[2022-09-04T20:43:48.654] [WARN] warnLog - Se ha visitado una ruta incorrecta: /usuarios/styles.css
[2022-09-04T20:44:21.268] [WARN] warnLog - Se ha visitado una ruta incorrecta: /usuarios/styles.css
[2022-09-04T20:44:21.403] [WARN] warnLog - Se ha visitado una ruta incorrecta: /favicon.ico
[2022-09-04T20:44:24.979] [WARN] warnLog - Se ha visitado una ruta incorrecta: /usuarios/styles.css
[2022-09-04T20:44:25.093] [WARN] warnLog - Se ha visitado una ruta incorrecta: /favicon.ico
[2022-09-04T20:44:29.054] [WARN] warnLog - Se ha visitado una ruta incorrecta: /usuarios/styles.css
[2022-09-04T20:44:29.145] [WARN] warnLog - Se ha visitado una ruta incorrecta: /favicon.ico
[2022-09-04T20:44:36.440] [WARN] warnLog - Se ha visitado una ruta incorrecta: /usuarios/styles.css
[2022-09-04T20:44:36.550] [WARN] warnLog - Se ha visitado una ruta incorrecta: /favicon.ico
[2022-09-04T20:44:37.766] [WARN] warnLog - Se ha visitado una ruta incorrecta: /usuarios/styles.css
[2022-09-04T20:44:37.865] [WARN] warnLog - Se ha visitado una ruta incorrecta: /favicon.ico
[2022-09-04T20:44:38.416] [WARN] warnLog - Se ha visitado una ruta incorrecta: /usuarios/styles.css
[2022-09-04T20:44:38.516] [WARN] warnLog - Se ha visitado una ruta incorrecta: /favicon.ico
[2022-09-04T20:44:38.850] [WARN] warnLog - Se ha visitado una ruta incorrecta: /usuarios/styles.css
[2022-09-04T20:44:38.931] [WARN] warnLog - Se ha visitado una ruta incorrecta: /favicon.ico
[2022-09-04T20:44:39.285] [WARN] warnLog - Se ha visitado una ruta incorrecta: /usuarios/styles.css
[2022-09-04T20:44:39.383] [WARN] warnLog - Se ha visitado una ruta incorrecta: /favicon.ico
[2022-09-04T20:44:39.844] [WARN] warnLog - Se ha visitado una ruta incorrecta: /usuarios/styles.css
[2022-09-04T20:44:39.928] [WARN] warnLog - Se ha visitado una ruta incorrecta: /favicon.ico
[2022-09-04T20:44:40.255] [WARN] warnLog - Se ha visitado una ruta incorrecta: /usuarios/styles.css
[2022-09-04T20:44:40.353] [WARN] warnLog - Se ha visitado una ruta incorrecta: /favicon.ico
[2022-09-04T20:44:40.694] [WARN] warnLog - Se ha visitado una ruta incorrecta: /usuarios/styles.css
[2022-09-04T20:44:40.784] [WARN] warnLog - Se ha visitado una ruta incorrecta: /favicon.ico
[2022-09-04T20:44:41.122] [WARN] warnLog - Se ha visitado una ruta incorrecta: /usuarios/styles.css
[2022-09-04T20:44:41.223] [WARN] warnLog - Se ha visitado una ruta incorrecta: /favicon.ico
[2022-09-04T20:44:41.527] [WARN] warnLog - Se ha visitado una ruta incorrecta: /usuarios/styles.css
[2022-09-04T20:44:41.627] [WARN] warnLog - Se ha visitado una ruta incorrecta: /favicon.ico
[2022-09-04T20:44:41.943] [WARN] warnLog - Se ha visitado una ruta incorrecta: /usuarios/styles.css
[2022-09-04T20:44:42.072] [WARN] warnLog - Se ha visitado una ruta incorrecta: /favicon.ico
[2022-09-04T20:44:42.328] [WARN] warnLog - Se ha visitado una ruta incorrecta: /usuarios/styles.css
[2022-09-04T20:44:42.414] [WARN] warnLog - Se ha visitado una ruta incorrecta: /favicon.ico
[2022-09-04T20:44:42.699] [WARN] warnLog - Se ha visitado una ruta incorrecta: /usuarios/styles.css
[2022-09-04T20:44:42.808] [WARN] warnLog - Se ha visitado una ruta incorrecta: /favicon.ico
[2022-09-04T20:44:43.068] [WARN] warnLog - Se ha visitado una ruta incorrecta: /usuarios/styles.css
[2022-09-04T20:44:43.164] [WARN] warnLog - Se ha visitado una ruta incorrecta: /favicon.ico
[2022-09-04T20:44:45.940] [WARN] warnLog - Se ha visitado una ruta incorrecta: /usuarios/styles.css
[2022-09-04T20:44:46.061] [WARN] warnLog - Se ha visitado una ruta incorrecta: /favicon.ico
[2022-09-04T20:44:49.941] [WARN] warnLog - Se ha visitado una ruta incorrecta: /favicon.ico
[2022-09-04T20:44:51.944] [WARN] warnLog - Se ha visitado una ruta incorrecta: /favicon.ico
[2022-09-04T20:44:53.794] [WARN] warnLog - Se ha visitado una ruta incorrecta: /favicon.ico
[2022-09-04T20:44:55.334] [WARN] warnLog - Se ha visitado una ruta incorrecta: /favicon.ico
[2022-09-04T20:46:16.028] [WARN] warnLog - Se ha visitado una ruta incorrecta: /usuarios/styles.css
[2022-09-04T20:46:16.168] [WARN] warnLog - Se ha visitado una ruta incorrecta: /favicon.ico
[2022-09-04T20:54:16.078] [WARN] warnLog - Se ha visitado una ruta incorrecta: /usuarios/styles.css
[2022-09-04T20:54:16.221] [WARN] warnLog - Se ha visitado una ruta incorrecta: /favicon.ico
[2022-09-04T20:54:24.864] [WARN] warnLog - Se ha visitado una ruta incorrecta: /favicon.ico
[2022-09-04T20:54:25.027] [WARN] warnLog - Se ha visitado una ruta incorrecta: /imagenRandom3.jpg
[2022-09-04T20:54:25.034] [WARN] warnLog - Se ha visitado una ruta incorrecta: /imagenRandom7.jpg
[2022-09-04T20:54:25.036] [WARN] warnLog - Se ha visitado una ruta incorrecta: /imagenRandom1.jpg
[2022-09-04T20:54:25.038] [WARN] warnLog - Se ha visitado una ruta incorrecta: /imagenRandom4.jpg
[2022-09-04T20:54:25.040] [WARN] warnLog - Se ha visitado una ruta incorrecta: /imagenRandom0.jpg
[2022-09-04T20:54:25.045] [WARN] warnLog - Se ha visitado una ruta incorrecta: /imagenRandom8.jpg
[2022-09-04T20:54:26.135] [WARN] warnLog - Se ha visitado una ruta incorrecta: /imagenRandom3.jpg
[2022-09-04T20:54:26.144] [WARN] warnLog - Se ha visitado una ruta incorrecta: /imagenRandom7.jpg
[2022-09-04T20:54:26.145] [WARN] warnLog - Se ha visitado una ruta incorrecta: /imagenRandom1.jpg
[2022-09-04T20:54:26.147] [WARN] warnLog - Se ha visitado una ruta incorrecta: /imagenRandom4.jpg
[2022-09-04T20:54:26.149] [WARN] warnLog - Se ha visitado una ruta incorrecta: /imagenRandom0.jpg
[2022-09-04T20:54:26.152] [WARN] warnLog - Se ha visitado una ruta incorrecta: /imagenRandom8.jpg
[2022-09-04T20:54:29.638] [WARN] warnLog - Se ha visitado una ruta incorrecta: /favicon.ico
[2022-09-04T20:54:31.568] [WARN] warnLog - Se ha visitado una ruta incorrecta: /usuarios/styles.css
[2022-09-04T20:54:31.687] [WARN] warnLog - Se ha visitado una ruta incorrecta: /favicon.ico
[2022-09-04T20:54:38.640] [WARN] warnLog - Se ha visitado una ruta incorrecta: /favicon.ico
[2022-09-04T20:54:38.861] [WARN] warnLog - Se ha visitado una ruta incorrecta: /imagenRandom3.jpg
[2022-09-04T20:54:38.869] [WARN] warnLog - Se ha visitado una ruta incorrecta: /imagenRandom7.jpg
[2022-09-04T20:54:38.871] [WARN] warnLog - Se ha visitado una ruta incorrecta: /imagenRandom1.jpg
[2022-09-04T20:54:38.873] [WARN] warnLog - Se ha visitado una ruta incorrecta: /imagenRandom4.jpg
[2022-09-04T20:54:38.875] [WARN] warnLog - Se ha visitado una ruta incorrecta: /imagenRandom0.jpg
[2022-09-04T20:54:38.880] [WARN] warnLog - Se ha visitado una ruta incorrecta: /imagenRandom8.jpg
[2022-09-04T20:54:39.656] [WARN] warnLog - Se ha visitado una ruta incorrecta: /imagenRandom3.jpg
[2022-09-04T20:54:39.658] [WARN] warnLog - Se ha visitado una ruta incorrecta: /imagenRandom7.jpg
[2022-09-04T20:54:39.665] [WARN] warnLog - Se ha visitado una ruta incorrecta: /imagenRandom1.jpg
[2022-09-04T20:54:39.666] [WARN] warnLog - Se ha visitado una ruta incorrecta: /imagenRandom4.jpg
[2022-09-04T20:54:39.667] [WARN] warnLog - Se ha visitado una ruta incorrecta: /imagenRandom0.jpg
[2022-09-04T20:54:39.669] [WARN] warnLog - Se ha visitado una ruta incorrecta: /imagenRandom8.jpg
[2022-09-04T20:54:42.229] [WARN] warnLog - Se ha visitado una ruta incorrecta: /favicon.ico
[2022-09-04T20:54:44.289] [WARN] warnLog - Se ha visitado una ruta incorrecta: /usuarios/styles.css
[2022-09-04T20:54:44.396] [WARN] warnLog - Se ha visitado una ruta incorrecta: /favicon.ico
[2022-09-04T21:11:09.793] [WARN] warnLog - Se ha visitado una ruta incorrecta: /usuarios/styles.css
[2022-09-04T21:11:09.895] [WARN] warnLog - Se ha visitado una ruta incorrecta: /favicon.ico
[2022-09-04T21:11:14.181] [WARN] warnLog - Se ha visitado una ruta incorrecta: /favicon.ico
[2022-09-04T21:11:14.366] [WARN] warnLog - Se ha visitado una ruta incorrecta: /imagenRandom3.jpg
[2022-09-04T21:11:14.371] [WARN] warnLog - Se ha visitado una ruta incorrecta: /imagenRandom7.jpg
[2022-09-04T21:11:14.372] [WARN] warnLog - Se ha visitado una ruta incorrecta: /imagenRandom1.jpg
[2022-09-04T21:11:14.373] [WARN] warnLog - Se ha visitado una ruta incorrecta: /imagenRandom4.jpg
[2022-09-04T21:11:14.376] [WARN] warnLog - Se ha visitado una ruta incorrecta: /imagenRandom0.jpg
[2022-09-04T21:11:14.377] [WARN] warnLog - Se ha visitado una ruta incorrecta: /imagenRandom8.jpg
[2022-09-04T21:12:14.320] [WARN] warnLog - Se ha visitado una ruta incorrecta: /favicon.ico
[2022-09-04T21:12:14.563] [WARN] warnLog - Se ha visitado una ruta incorrecta: /imagenRandom3.jpg
[2022-09-04T21:12:14.564] [WARN] warnLog - Se ha visitado una ruta incorrecta: /imagenRandom7.jpg
[2022-09-04T21:12:14.566] [WARN] warnLog - Se ha visitado una ruta incorrecta: /imagenRandom1.jpg
[2022-09-04T21:12:14.567] [WARN] warnLog - Se ha visitado una ruta incorrecta: /imagenRandom4.jpg
[2022-09-04T21:12:14.568] [WARN] warnLog - Se ha visitado una ruta incorrecta: /imagenRandom0.jpg
[2022-09-04T21:12:14.573] [WARN] warnLog - Se ha visitado una ruta incorrecta: /imagenRandom8.jpg
[2022-09-04T21:12:15.649] [WARN] warnLog - Se ha visitado una ruta incorrecta: /usuarios/logout.js
[2022-09-04T21:12:15.705] [WARN] warnLog - Se ha visitado una ruta incorrecta: /favicon.ico
[2022-09-04T21:12:31.251] [WARN] warnLog - Se ha visitado una ruta incorrecta: /usuarios/logout
[2022-09-04T21:12:31.289] [WARN] warnLog - Se ha visitado una ruta incorrecta: /usuarios/styles.css
[2022-09-04T21:12:31.370] [WARN] warnLog - Se ha visitado una ruta incorrecta: /favicon.ico
[2022-09-04T21:12:35.819] [WARN] warnLog - Se ha visitado una ruta incorrecta: /usuarios/loginarqw
[2022-09-04T21:12:35.853] [WARN] warnLog - Se ha visitado una ruta incorrecta: /usuarios/styles.css
[2022-09-04T21:12:35.929] [WARN] warnLog - Se ha visitado una ruta incorrecta: /favicon.ico
[2022-09-04T21:12:38.454] [WARN] warnLog - Se ha visitado una ruta incorrecta: /sadasdsa
[2022-09-04T21:12:38.495] [WARN] warnLog - Se ha visitado una ruta incorrecta: /usuarios/styles.css
[2022-09-04T21:12:38.568] [WARN] warnLog - Se ha visitado una ruta incorrecta: /favicon.ico
[2022-09-04T21:13:33.343] [WARN] warnLog - Se ha visitado una ruta incorrecta: /usuarios/styles.css
[2022-09-04T21:13:33.436] [WARN] warnLog - Se ha visitado una ruta incorrecta: /favicon.ico
[2022-09-04T21:13:38.141] [WARN] warnLog - Se ha visitado una ruta incorrecta: /favicon.ico
[2022-09-04T21:13:38.336] [WARN] warnLog - Se ha visitado una ruta incorrecta: /imagenRandom3.jpg
[2022-09-04T21:13:38.341] [WARN] warnLog - Se ha visitado una ruta incorrecta: /imagenRandom7.jpg
[2022-09-04T21:13:38.342] [WARN] warnLog - Se ha visitado una ruta incorrecta: /imagenRandom1.jpg
[2022-09-04T21:13:38.343] [WARN] warnLog - Se ha visitado una ruta incorrecta: /imagenRandom4.jpg
[2022-09-04T21:13:38.344] [WARN] warnLog - Se ha visitado una ruta incorrecta: /imagenRandom0.jpg
[2022-09-04T21:13:38.348] [WARN] warnLog - Se ha visitado una ruta incorrecta: /imagenRandom8.jpg
[2022-09-04T21:13:39.295] [WARN] warnLog - Se ha visitado una ruta incorrecta: /imagenRandom3.jpg
[2022-09-04T21:13:39.299] [WARN] warnLog - Se ha visitado una ruta incorrecta: /imagenRandom7.jpg
[2022-09-04T21:13:39.300] [WARN] warnLog - Se ha visitado una ruta incorrecta: /imagenRandom1.jpg
[2022-09-04T21:13:39.301] [WARN] warnLog - Se ha visitado una ruta incorrecta: /imagenRandom4.jpg
[2022-09-04T21:13:39.302] [WARN] warnLog - Se ha visitado una ruta incorrecta: /imagenRandom0.jpg
[2022-09-04T21:13:39.303] [WARN] warnLog - Se ha visitado una ruta incorrecta: /imagenRandom8.jpg
[2022-09-04T21:13:40.035] [WARN] warnLog - Se ha visitado una ruta incorrecta: /favicon.ico
[2022-09-04T21:13:42.035] [WARN] warnLog - Se ha visitado una ruta incorrecta: /usuarios/styles.css
[2022-09-04T21:13:42.102] [WARN] warnLog - Se ha visitado una ruta incorrecta: /favicon.ico
[2022-09-04T21:13:45.042] [WARN] warnLog - Se ha visitado una ruta incorrecta: /usuarios/styles.css
[2022-09-04T21:13:45.116] [WARN] warnLog - Se ha visitado una ruta incorrecta: /favicon.ico
[2022-09-04T21:13:50.084] [WARN] warnLog - Se ha visitado una ruta incorrecta: /favicon.ico
[2022-09-04T21:13:50.334] [WARN] warnLog - Se ha visitado una ruta incorrecta: /imagenRandom3.jpg
[2022-09-04T21:13:50.336] [WARN] warnLog - Se ha visitado una ruta incorrecta: /imagenRandom7.jpg
[2022-09-04T21:13:50.341] [WARN] warnLog - Se ha visitado una ruta incorrecta: /imagenRandom1.jpg
[2022-09-04T21:13:50.342] [WARN] warnLog - Se ha visitado una ruta incorrecta: /imagenRandom4.jpg
[2022-09-04T21:13:50.343] [WARN] warnLog - Se ha visitado una ruta incorrecta: /imagenRandom0.jpg
[2022-09-04T21:13:50.344] [WARN] warnLog - Se ha visitado una ruta incorrecta: /imagenRandom8.jpg
[2022-09-04T21:13:56.709] [WARN] warnLog - Se ha visitado una ruta incorrecta: /imagenRandom3.jpg
[2022-09-04T21:13:56.710] [WARN] warnLog - Se ha visitado una ruta incorrecta: /imagenRandom7.jpg
[2022-09-04T21:13:56.711] [WARN] warnLog - Se ha visitado una ruta incorrecta: /imagenRandom1.jpg
[2022-09-04T21:13:56.712] [WARN] warnLog - Se ha visitado una ruta incorrecta: /imagenRandom4.jpg
[2022-09-04T21:13:56.714] [WARN] warnLog - Se ha visitado una ruta incorrecta: /imagenRandom0.jpg
[2022-09-04T21:13:56.715] [WARN] warnLog - Se ha visitado una ruta incorrecta: /imagenRandom8.jpg
[2022-09-04T21:14:06.288] [WARN] warnLog - Se ha visitado una ruta incorrecta: /imagenRandom3.jpg
[2022-09-04T21:14:06.289] [WARN] warnLog - Se ha visitado una ruta incorrecta: /imagenRandom7.jpg
[2022-09-04T21:14:06.290] [WARN] warnLog - Se ha visitado una ruta incorrecta: /imagenRandom1.jpg
[2022-09-04T21:14:06.291] [WARN] warnLog - Se ha visitado una ruta incorrecta: /imagenRandom4.jpg
[2022-09-04T21:14:06.292] [WARN] warnLog - Se ha visitado una ruta incorrecta: /imagenRandom0.jpg
[2022-09-04T21:14:06.294] [WARN] warnLog - Se ha visitado una ruta incorrecta: /imagenRandom8.jpg
[2022-09-06T19:12:43.599] [WARN] warnLog - Se ha visitado una ruta incorrecta: /usuarios/styles.css
[2022-09-06T19:12:43.682] [WARN] warnLog - Se ha visitado una ruta incorrecta: /favicon.ico
[2022-09-06T19:20:01.771] [WARN] warnLog - Se ha visitado una ruta incorrecta: /favicon.ico
[2022-09-06T19:20:31.407] [WARN] warnLog - Se ha visitado una ruta incorrecta: /favicon.ico
[2022-09-06T19:21:06.224] [WARN] warnLog - Se ha visitado una ruta incorrecta: /favicon.ico
[2022-09-06T19:33:42.488] [WARN] warnLog - Se ha visitado una ruta incorrecta: /usuarios/styles.css
[2022-09-06T19:33:42.558] [WARN] warnLog - Se ha visitado una ruta incorrecta: /favicon.ico
[2022-09-06T19:35:05.718] [WARN] warnLog - Se ha visitado una ruta incorrecta: /favicon.ico
[2022-09-06T19:35:05.751] [WARN] warnLog - Se ha visitado una ruta incorrecta: /api/productos-test
[2022-09-06T19:35:05.988] [WARN] warnLog - Se ha visitado una ruta incorrecta: /imagenRandom3.jpg
[2022-09-06T19:35:05.989] [WARN] warnLog - Se ha visitado una ruta incorrecta: /imagenRandom7.jpg
[2022-09-06T19:35:05.994] [WARN] warnLog - Se ha visitado una ruta incorrecta: /imagenRandom1.jpg
[2022-09-06T19:35:05.995] [WARN] warnLog - Se ha visitado una ruta incorrecta: /imagenRandom4.jpg
[2022-09-06T19:35:05.996] [WARN] warnLog - Se ha visitado una ruta incorrecta: /imagenRandom0.jpg
[2022-09-06T19:35:05.999] [WARN] warnLog - Se ha visitado una ruta incorrecta: /imagenRandom8.jpg
[2022-09-06T19:35:06.111] [WARN] warnLog - Se ha visitado una ruta incorrecta: /imagenRandom3.jpg
[2022-09-06T19:35:06.112] [WARN] warnLog - Se ha visitado una ruta incorrecta: /imagenRandom7.jpg
[2022-09-06T19:35:06.113] [WARN] warnLog - Se ha visitado una ruta incorrecta: /imagenRandom1.jpg
[2022-09-06T19:35:06.117] [WARN] warnLog - Se ha visitado una ruta incorrecta: /imagenRandom4.jpg
[2022-09-06T19:35:06.118] [WARN] warnLog - Se ha visitado una ruta incorrecta: /imagenRandom0.jpg
[2022-09-06T19:35:06.119] [WARN] warnLog - Se ha visitado una ruta incorrecta: /imagenRandom8.jpg
[2022-09-06T19:35:07.207] [WARN] warnLog - Se ha visitado una ruta incorrecta: /imagenRandom3.jpg
[2022-09-06T19:35:07.208] [WARN] warnLog - Se ha visitado una ruta incorrecta: /imagenRandom7.jpg
[2022-09-06T19:35:07.210] [WARN] warnLog - Se ha visitado una ruta incorrecta: /imagenRandom1.jpg
[2022-09-06T19:35:07.211] [WARN] warnLog - Se ha visitado una ruta incorrecta: /imagenRandom4.jpg
[2022-09-06T19:35:07.214] [WARN] warnLog - Se ha visitado una ruta incorrecta: /imagenRandom0.jpg
[2022-09-06T19:35:07.216] [WARN] warnLog - Se ha visitado una ruta incorrecta: /imagenRandom8.jpg
[2022-09-06T19:35:16.611] [WARN] warnLog - Se ha visitado una ruta incorrecta: /imagenRandom3.jpg
[2022-09-06T19:35:16.613] [WARN] warnLog - Se ha visitado una ruta incorrecta: /imagenRandom7.jpg
[2022-09-06T19:35:16.614] [WARN] warnLog - Se ha visitado una ruta incorrecta: /imagenRandom1.jpg
[2022-09-06T19:35:16.615] [WARN] warnLog - Se ha visitado una ruta incorrecta: /imagenRandom4.jpg
[2022-09-06T19:35:16.616] [WARN] warnLog - Se ha visitado una ruta incorrecta: /imagenRandom0.jpg
[2022-09-06T19:35:16.617] [WARN] warnLog - Se ha visitado una ruta incorrecta: /imagenRandom8.jpg
[2022-09-06T19:35:16.620] [WARN] warnLog - Se ha visitado una ruta incorrecta: /imagenRandom9.jpg
[2022-09-06T19:35:55.435] [WARN] warnLog - Se ha visitado una ruta incorrecta: /imagenRandom3.jpg
[2022-09-06T19:35:55.436] [WARN] warnLog - Se ha visitado una ruta incorrecta: /imagenRandom7.jpg
[2022-09-06T19:35:55.437] [WARN] warnLog - Se ha visitado una ruta incorrecta: /imagenRandom1.jpg
[2022-09-06T19:35:55.438] [WARN] warnLog - Se ha visitado una ruta incorrecta: /imagenRandom4.jpg
[2022-09-06T19:35:55.439] [WARN] warnLog - Se ha visitado una ruta incorrecta: /imagenRandom0.jpg
[2022-09-06T19:35:55.440] [WARN] warnLog - Se ha visitado una ruta incorrecta: /imagenRandom8.jpg
[2022-09-06T19:35:55.450] [WARN] warnLog - Se ha visitado una ruta incorrecta: /imagenRandom9.jpg
[2022-09-06T19:35:58.270] [WARN] warnLog - Se ha visitado una ruta incorrecta: /imagenRandom3.jpg
[2022-09-06T19:35:58.276] [WARN] warnLog - Se ha visitado una ruta incorrecta: /imagenRandom7.jpg
[2022-09-06T19:35:58.277] [WARN] warnLog - Se ha visitado una ruta incorrecta: /imagenRandom1.jpg
[2022-09-06T19:35:58.278] [WARN] warnLog - Se ha visitado una ruta incorrecta: /imagenRandom4.jpg
[2022-09-06T19:35:58.280] [WARN] warnLog - Se ha visitado una ruta incorrecta: /imagenRandom0.jpg
[2022-09-06T19:35:58.281] [WARN] warnLog - Se ha visitado una ruta incorrecta: /imagenRandom8.jpg
[2022-09-06T19:35:58.292] [WARN] warnLog - Se ha visitado una ruta incorrecta: /imagenRandom9.jpg
[2022-09-06T19:36:12.272] [WARN] warnLog - Se ha visitado una ruta incorrecta: /imagenRandom3.jpg
[2022-09-06T19:36:12.273] [WARN] warnLog - Se ha visitado una ruta incorrecta: /imagenRandom7.jpg
[2022-09-06T19:36:12.274] [WARN] warnLog - Se ha visitado una ruta incorrecta: /imagenRandom1.jpg
[2022-09-06T19:36:12.275] [WARN] warnLog - Se ha visitado una ruta incorrecta: /imagenRandom4.jpg
[2022-09-06T19:36:12.275] [WARN] warnLog - Se ha visitado una ruta incorrecta: /imagenRandom0.jpg
[2022-09-06T19:36:12.277] [WARN] warnLog - Se ha visitado una ruta incorrecta: /imagenRandom8.jpg
[2022-09-06T19:36:12.281] [WARN] warnLog - Se ha visitado una ruta incorrecta: /imagenRandom9.jpg
[2022-09-06T19:37:46.347] [WARN] warnLog - Se ha visitado una ruta incorrecta: /imagenRandom3.jpg
[2022-09-06T19:37:46.352] [WARN] warnLog - Se ha visitado una ruta incorrecta: /imagenRandom7.jpg
[2022-09-06T19:37:46.357] [WARN] warnLog - Se ha visitado una ruta incorrecta: /imagenRandom1.jpg
[2022-09-06T19:37:46.358] [WARN] warnLog - Se ha visitado una ruta incorrecta: /imagenRandom4.jpg
[2022-09-06T19:37:46.360] [WARN] warnLog - Se ha visitado una ruta incorrecta: /imagenRandom0.jpg
[2022-09-06T19:37:46.361] [WARN] warnLog - Se ha visitado una ruta incorrecta: /imagenRandom8.jpg
[2022-09-06T19:37:46.386] [WARN] warnLog - Se ha visitado una ruta incorrecta: /imagenRandom9.jpg
[2022-09-06T19:37:47.075] [WARN] warnLog - Se ha visitado una ruta incorrecta: /imagenRandom3.jpg
[2022-09-06T19:37:47.080] [WARN] warnLog - Se ha visitado una ruta incorrecta: /imagenRandom7.jpg
[2022-09-06T19:37:47.081] [WARN] warnLog - Se ha visitado una ruta incorrecta: /imagenRandom1.jpg
[2022-09-06T19:37:47.082] [WARN] warnLog - Se ha visitado una ruta incorrecta: /imagenRandom4.jpg
[2022-09-06T19:37:47.083] [WARN] warnLog - Se ha visitado una ruta incorrecta: /imagenRandom0.jpg
[2022-09-06T19:37:47.084] [WARN] warnLog - Se ha visitado una ruta incorrecta: /imagenRandom8.jpg
[2022-09-06T19:37:47.086] [WARN] warnLog - Se ha visitado una ruta incorrecta: /imagenRandom9.jpg
[2022-09-06T19:38:06.037] [WARN] warnLog - Se ha visitado una ruta incorrecta: /imagenRandom3.jpg
[2022-09-06T19:38:06.040] [WARN] warnLog - Se ha visitado una ruta incorrecta: /imagenRandom7.jpg
[2022-09-06T19:38:06.046] [WARN] warnLog - Se ha visitado una ruta incorrecta: /imagenRandom1.jpg
[2022-09-06T19:38:06.053] [WARN] warnLog - Se ha visitado una ruta incorrecta: /imagenRandom4.jpg
[2022-09-06T19:38:06.056] [WARN] warnLog - Se ha visitado una ruta incorrecta: /imagenRandom0.jpg
[2022-09-06T19:38:06.057] [WARN] warnLog - Se ha visitado una ruta incorrecta: /imagenRandom8.jpg
[2022-09-06T19:38:06.080] [WARN] warnLog - Se ha visitado una ruta incorrecta: /imagenRandom9.jpg
[2022-09-06T19:38:07.069] [WARN] warnLog - Se ha visitado una ruta incorrecta: /imagenRandom3.jpg
[2022-09-06T19:38:07.070] [WARN] warnLog - Se ha visitado una ruta incorrecta: /imagenRandom7.jpg
[2022-09-06T19:38:07.071] [WARN] warnLog - Se ha visitado una ruta incorrecta: /imagenRandom1.jpg
[2022-09-06T19:38:07.072] [WARN] warnLog - Se ha visitado una ruta incorrecta: /imagenRandom4.jpg
[2022-09-06T19:38:07.074] [WARN] warnLog - Se ha visitado una ruta incorrecta: /imagenRandom0.jpg
[2022-09-06T19:38:07.074] [WARN] warnLog - Se ha visitado una ruta incorrecta: /imagenRandom8.jpg
[2022-09-06T19:38:07.092] [WARN] warnLog - Se ha visitado una ruta incorrecta: /imagenRandom9.jpg
[2022-09-06T19:41:35.546] [WARN] warnLog - Se ha visitado una ruta incorrecta: /usuarios/styles.css
[2022-09-06T19:41:35.639] [WARN] warnLog - Se ha visitado una ruta incorrecta: /favicon.ico
[2022-09-06T19:42:24.329] [WARN] warnLog - Se ha visitado una ruta incorrecta: /usuarios/styles.css
[2022-09-06T19:42:24.397] [WARN] warnLog - Se ha visitado una ruta incorrecta: /favicon.ico
[2022-09-06T19:47:20.102] [WARN] warnLog - Se ha visitado una ruta incorrecta: /usuarios/styles.css
[2022-09-06T19:47:20.168] [WARN] warnLog - Se ha visitado una ruta incorrecta: /favicon.ico
